Case #1:
GGG
CCC
JJJ
Case #2:
CODE
CODE
JJAM
Case #3:
CA
KE
Case #4:
AAAAAAAAAABBBBBBBBBBBBBBB
CCCCCCCCCCCCCCCCCCCCCCCCC
DDDDDDDDDDDDDDDDDDDDDDDDD
EEEEEEEEEEEEEEEEEEEEEEEEE
EEEEEEEEEEEEEEEEEEEEEEEEE
EEEEEEEEEEEEEEEEEEEEEEEEE
EEEEEEEEEEEEEEEEEEEEEEEEE
EEEEEEEEEEEEEEEEEEEEEEEEE
EEEEEEEEEEEEEEEEEEEEEEEEE
EEEEEEEEEEEEEEEEEEEEEEEEE
EEEEEEEEEEEEEEEEEEEEEEEEE
EEEEEEEEEEEEEEEEEEEEEEEEE
EEEEEEEEEEEEEEEEEEEEEEEEE
EEEEEEEEEEEEEEEEEEEEEEEEE
EEEEEEEEEEEEEEEEEEEEEEEEE
EEEEEEEEEEEEEEEEEEEEEEEEE
FFFFFFFFFFFFFFFHHHHHHHHHH
JJJJJJJJJJJJJJJJJJJJJJJJJ
JJJJJJJJJJJJJJJJJJJJJJJJJ
JJJJJJJJJJJJJJJJJJJJJJJJJ
JJJJJJJJJJJJJJJJJJJJJJJJJ
GGGGGGGGGGGGGGGGIIIIIIIII
GGGGGGGGGGGGGGGGIIIIIIIII
GGGGGGGGGGGGGGGGIIIIIIIII
GGGGGGGGGGGGGGGGIIIIIIIII
Case #5:
AAAAAAAAAAAAAAAAAABBBBBBB
AAAAAAAAAAAAAAAAAABBBBBBB
AAAAAAAAAAAAAAAAAABBBBBBB
AAAAAAAAAAAAAAAAAABBBBBBB
AAAAAAAAAAAAAAAAAABBBBBBB
AAAAAAAAAAAAAAAAAABBBBBBB
AAAAAAAAAAAAAAAAAABBBBBBB
AAAAAAAAAAAAAAAAAABBBBBBB
AAAAAAAAAAAAAAAAAABBBBBBB
AAAAAAAAAAAAAAAAAABBBBBBB
AAAAAAAAAAAAAAAAAABBBBBBB
AAAAAAAAAAAAAAAAAABBBBBBB
AAAAAAAAAAAAAAAAAABBBBBBB
AAAAAAAAAAAAAAAAAABBBBBBB
AAAAAAAAAAAAAAAAAABBBBBBB
AAAAAAAAAAAAAAAAAABBBBBBB
AAAAAAAAAAAAAAAAAABBBBBBB
AAAAAAAAAAAAAAAAAABBBBBBB
AAAAAAAAAAAAAAAAAABBBBBBB
AAAAAAAAAAAAAAAAAABBBBBBB
CCCCCCCCCCCCCCCCCCCCCCCCC
DDDDDDDDDDDDDDDDDDDDDDDDD
EEEEEEEEEEEEEEEEEEEEEEEEE
EEEEEEEEEEEEEEEEEEEEEEEEE
EEEEEEEEEEEEEEEEEEEEEEEEE
Case #6:
VVVVVVVVVVVVVVVVVVVVVVVVV
CCCCCCCCCCCCCCCCCCCCCCCCC
KKKKKKKKKKKKKKKKKKKKKKKKK
KKKKKKKKKKKKKKKKKKKKKKKKK
KKKKKKKKKKKKKKKKKKKKKKKKK
UUUUUUUUUUUUUUUUUUUUTNNII
AAAAAAAAAAAAAAAAAAAAAAAAA
YYYYYYYYYYYYYYYYHHHHHHHHH
OOOOOOOOOOOOOOOOOOOOOOOOO
BBBBBBBBBBBBBBBBBBBBBBBBB
BBBBBBBBBBBBBBBBBBBBBBBBB
SSSSSSSSSSSSSSSSSSSSSSSSS
LLLLLLLLLLLLLLLLMMMMMMMMM
LLLLLLLLLLLLLLLLMMMMMMMMM
LLLLLLLLLLLLLLLLMMMMMMMMM
QQQQQQQQQQGGGGGGGGGGGGGGG
ZZZZZZZZZZZZZZZZZZZZZZZZZ
FFFFFFFFFFFFFFFFFFFFFFFFF
PPPPPPPPPPPPJJJJJJJJJJJJJ
PPPPPPPPPPPPJJJJJJJJJJJJJ
WWWWWWWWWWWWWWWWWWWWWWWWW
WWWWWWWWWWWWWWWWWWWWWWWWW
RRRRRRRRRRRRRRRRRRRRRRRRR
XXXXXXXXXXXXXXXXXXXXXXXXX
DDDDDDDDDDDDDDDDDDDDDDEEE
Case #7:
AAAAAAAAAAAAAAAAAAAAAAAAA
BBBBBBBBBBBBBBBBBBBBBBBBB
CCCCCCCCCCCCCCCCCCCCCCCCC
DDDDDDDDDDDDDDDDDDDDDDDDD
EEEEEEEEEEEEEEEEEEEEEEEEE
FFFFFFFFFFFFFFFFFFFFFFFFF
GGGGGGGGGGGGGGGGGGGGGGGGG
HHHHHHHHHHHHHHHHHHHHHHHHH
IIIIIIIIIIIIIIIIIIIIIIIII
JJJJJJJJJJJJJJJJJJJJJJJJJ
KKKKKKKKKKKKKKKKKKKKKKKKK
LLLLLLLLLLLLLLLLLLLLLLLLL
MMMMMMMMMMMMMMMMMMMMMMMMM
NNNNNNNNNNNNNNNNNNNNNNNNN
OOOOOOOOOOOOOOOOOOOOOOOOO
PPPPPPPPPPPPPPPPPPPPPPPPP
QQQQQQQQQQQQQQQQQQQQQQQQQ
RRRRRRRRRRRRRRRRRRRRRRRRR
SSSSSSSSSSSSSSSSSSSSSSSSS
TTTTTTTTTTTTTTTTTTTTTTTTT
UUUUUUUUUUUUUUUUUUUUUUUUU
VVVVVVVVVVVVVVVVVVVVVVVVV
WWWWWWWWWWWWWWWWWWWWWWWWW
XXXXXXXXXXXXXXXXXXXXXXXXX
YYYYYYYYYYYYYYYYYYYYYYYYY
Case #8:
A
A
Case #9:
IIIIIIIIIIIIIIIIIIIIIIIII
IIIIIIIIIIIIIIIIIIIIIIIII
IIIIIIIIIIIIIIIIIIIIIIIII
IIIIIIIIIIIIIIIIIIIIIIIII
IIIIIIIIIIIIIIIIIIIIIIIII
IIIIIIIIIIIIIIIIIIIIIIIII
IIIIIIIIIIIIIIIIIIIIIIIII
IIIIIIIIIIIIIIIIIIIIIIIII
IIIIIIIIIIIIIIIIIIIIIIIII
IIIIIIIIIIIIIIIIIIIIIIIII
IIIIIIIIIIIIIIIIIIIIIIIII
FFFFFFFFFFFFFFFFFFFFFFFFF
FFFFFFFFFFFFFFFFFFFFFFFFF
KKKKKKKKKKKKCCCPYYYYYYYYY
VVVVVVVVWDDGGGBBBBBBBBBBB
AAAAAAAAAAAAAAAAAAAAXXXXX
NNNNNNNNNNNNNNNNNRRRRRRRR
EEEEEEEEEEEEEZZZZZZQQQQQQ
MMMMMMMMMMOHHHHHHHHHHHHHH
MMMMMMMMMMOHHHHHHHHHHHHHH
UUUUUUUUUUUUJJJJSSSSSSSSS
TTTTTTTTTTTTTTTTTTTTTTTTT
TTTTTTTTTTTTTTTTTTTTTTTTT
LLLLLLLLLLLLLLLLLLLLLLLLL
LLLLLLLLLLLLLLLLLLLLLLLLL
Case #10:
PPPPPPPPPPPPPPPPPPPPPPPPP
BBBBBBBBBBBBBBBBBBBBBBBBB
FFFFFFFFFFFFFFFFFFFNNNNNN
FFFFFFFFFFFFFFFFFFFNNNNNN
FFFFFFFFFFFFFFFFFFFNNNNNN
JJJJJJJJJJJJJJJJJJJJZZZVV
JJJJJJJJJJJJJJJJJJJJZZZVV
KKKKKKKKKKKKKKKKKKKKKKKKK
HHHHHHHHHHHHHHHHHHHHHHHHH
LLLLLLLLLLLLLLLLLLLLLLLLE
LLLLLLLLLLLLLLLLLLLLLLLLE
OOOOOOOOOOOOOOOOOOOOOOOOO
DDDDDDDDDDDDDDDDDDDDDDDDD
SSSSSSSSSSSSSSSSSSSSSSSSS
SSSSSSSSSSSSSSSSSSSSSSSSS
SSSSSSSSSSSSSSSSSSSSSSSSS
QQQQQQQQQQQQQQQQQQQQQQQQQ
IIIIIIMMMMMMMMMMMMMMMMMMM
IIIIIIMMMMMMMMMMMMMMMMMMM
RRRRRRRRRRRRRRRRRRRRRRRRR
AAAAAAAAAYYYYYYYYYYYYYYYY
UUUUUUUUUUUUUUUUUUUUUUUUU
TTTTTTTTTWWWWWWWWWWWWWWWW
CCCCCCCCCGGGGGGGGGGGGGGXX
CCCCCCCCCGGGGGGGGGGGGGGXX
Case #11:
IIIIIIIIIIIIIIIIIIIIIIIIL
IIIIIIIIIIIIIIIIIIIIIIIIL
SSSSSSSSSSSSSSSSSBBBBBBBB
MMMMMMMMMMMMMMMMMMMMMUUUU
YYYYYYYYYYYYYYYYYYYYYYYYY
XXXXXXXXXXXXXXXXXXXXXXXXX
DDDDDDDDDDDDDDDDDDDDDDDDD
OOOOOOOOOOOOOOOOOOOOOOOOW
OOOOOOOOOOOOOOOOOOOOOOOOW
OOOOOOOOOOOOOOOOOOOOOOOOW
VVVVVVVVVVVVVVVVVVVVVVVVV
VVVVVVVVVVVVVVVVVVVVVVVVV
ZZZZZZZZZZZZZZZZZZZZZZEEE
ZZZZZZZZZZZZZZZZZZZZZZEEE
KKKKKKKKKKKNNNNNNNNNNNNNN
AAAAAAAAAAAAAAAAAAAAAAAAJ
AAAAAAAAAAAAAAAAAAAAAAAAJ
AAAAAAAAAAAAAAAAAAAAAAAAJ
AAAAAAAAAAAAAAAAAAAAAAAAJ
QQQQQQQQQQQQQQQQQQQQQQQQQ
GGGGGGGGGGGGGGGHHHHHHHHHH
GGGGGGGGGGGGGGGHHHHHHHHHH
FFFFFFFFFFFFFFFFFFFFFFFFF
RRRRRRRRRRRRRRRCCCCCCCCCC
TTTTTTTTTTTTTPPPPPPPPPPPP
Case #12:
OOOOOOOOOOOOOOOOOOOOOOOOO
UGGGGGGGGGGGGGGGGGGGGGGGG
XRMBBBBBBBBBBBBBBBBBBBBBB
HHTTTTTTTTTTTTTTTTTTTTTTT
DDDDYYLLLLLLLLLLLLLLLLLLL
PPPEEEEEEEEEEEEEEEEEEEEEE
VVVQQIIIIIIIIIIIIIIIIIIII
ZZJJCFFFFFFFFFFFFFFFFFFFF
WWWWWWWWWWWWWWWWWWWWWWWWW
NNKSSSSSSSSSSSSSSSSSSSSSS
AAAAAAAAAAAAAAAAAAAAAAAAA
AAAAAAAAAAAAAAAAAAAAAAAAA
AAAAAAAAAAAAAAAAAAAAAAAAA
AAAAAAAAAAAAAAAAAAAAAAAAA
AAAAAAAAAAAAAAAAAAAAAAAAA
AAAAAAAAAAAAAAAAAAAAAAAAA
AAAAAAAAAAAAAAAAAAAAAAAAA
AAAAAAAAAAAAAAAAAAAAAAAAA
AAAAAAAAAAAAAAAAAAAAAAAAA
AAAAAAAAAAAAAAAAAAAAAAAAA
AAAAAAAAAAAAAAAAAAAAAAAAA
AAAAAAAAAAAAAAAAAAAAAAAAA
AAAAAAAAAAAAAAAAAAAAAAAAA
AAAAAAAAAAAAAAAAAAAAAAAAA
AAAAAAAAAAAAAAAAAAAAAAAAA
Case #13:
PPPPPPPPPPPPPPPPPPPPPPPPV
PPPPPPPPPPPPPPPPPPPPPPPPV
PPPPPPPPPPPPPPPPPPPPPPPPV
JJJJJJJJJJJJJJJJJJJJJJJJB
JJJJJJJJJJJJJJJJJJJJJJJJB
JJJJJJJJJJJJJJJJJJJJJJJJB
WWWWWWWWWWWWWWWWWWWWWWWWW
WWWWWWWWWWWWWWWWWWWWWWWWW
OOOOOOOOOOOOOOOOOOOOOOOED
YYYYYYYYYYYYYYYYYYMKTTGGG
CCCCCCCCCCCCCCCCCHHHHHHHH
XXXXXXXXXXXXXXXXXXXXXXXXS
LLLLLLLLLLLLLLLLLLLLLLLLL
NNNNNNNNNNNNNNNNNNNNNZRRQ
AAAAAAAAAAAAAAAAAAAAAAAAA
FFFFFFFFFFFFFFFFFFFFFFFFF
UUUUUUUUUUUUUUUUUUUUUUUUU
IIIIIIIIIIIIIIIIIIIIIIIII
IIIIIIIIIIIIIIIIIIIIIIIII
IIIIIIIIIIIIIIIIIIIIIIIII
IIIIIIIIIIIIIIIIIIIIIIIII
IIIIIIIIIIIIIIIIIIIIIIIII
IIIIIIIIIIIIIIIIIIIIIIIII
IIIIIIIIIIIIIIIIIIIIIIIII
IIIIIIIIIIIIIIIIIIIIIIIII
Case #14:
AAAAAAAACCCCCCCCCCCCCCCCC
AAAAAAAACCCCCCCCCCCCCCCCC
AAAAAAAACCCCCCCCCCCCCCCCC
AAAAAAAACCCCCCCCCCCCCCCCC
AAAAAAAACCCCCCCCCCCCCCCCC
AAAAAAAACCCCCCCCCCCCCCCCC
EEEEEEEEEEEEEEEEEEEEEEEEE
EEEEEEEEEEEEEEEEEEEEEEEEE
EEEEEEEEEEEEEEEEEEEEEEEEE
EEEEEEEEEEEEEEEEEEEEEEEEE
BBBBBBBBBDDDDDDDDDDDDDDDD
BBBBBBBBBDDDDDDDDDDDDDDDD
BBBBBBBBBDDDDDDDDDDDDDDDD
BBBBBBBBBDDDDDDDDDDDDDDDD
BBBBBBBBBDDDDDDDDDDDDDDDD
BBBBBBBBBDDDDDDDDDDDDDDDD
BBBBBBBBBDDDDDDDDDDDDDDDD
BBBBBBBBBDDDDDDDDDDDDDDDD
BBBBBBBBBDDDDDDDDDDDDDDDD
BBBBBBBBBDDDDDDDDDDDDDDDD
BBBBBBBBBDDDDDDDDDDDDDDDD
FFFFFFFFFFFFFFFFFFFFFFGGG
HHHHHHHHHHHHHHHHHHHHHHHHH
IIIIIIIIIIIIIIIIIIIIIIIII
JJJJJJJJJJJJJJJJJJJJJJJJJ
Case #15:
AA
BB
Case #16:
AB
Case #17:
AAAA
AAAA
AAAA
Case #18:
DGTTMVFBBBQNNNNNNNNWWOOHH
AAJXXSSSRRUZCCCCCCPILLEYK
Case #19:
ZZZZZZZZZZZZZZZZZZZZZZZZZ
ZZZZZZZZZZZZZZZZZZZZZZZZZ
ZZZZZZZZZZZZZZZZZZZZZZZZZ
ZZZZZZZZZZZZZZZZZZZZZZZZZ
ZZZZZZZZZZZZZZZZZZZZZZZZZ
ZZZZZZZZZZZZZZZZZZZZZZZZZ
ZZZZZZZZZZZZZZZZZZZZZZZZZ
ZZZZZZZZZZZZZZZZZZZZZZZZZ
ZZZZZZZZZZZZZZZZZZZZZZZZZ
ZZZZZZZZZZZZZZZZZZZZZZZZZ
ZZZZZZZZZZZZZZZZZZZZZZZZZ
ZZZZZZZZZZZZZZZZZZZZZZZZZ
ZZZZZZZZZZZZZZZZZZZZZZZZZ
ZZZZZZZZZZZZZZZZZZZZZZZZZ
OOOOOOOOOOOOOOOOOOOOOOOOO
OOOOOOOOOOOOOOOOOOOOOOOOO
IIIIIIIIIIIIIIIIIIIIIIIII
AAAAAAAAAAAAAAAAAAAAAAAAA
SSSSUUUUUUUUUUUUUUUUUUUUU
EEEEEEEEEEEEEEEEEEEEEEEEE
KKKKKKKKKKKYYYYYYYYYYYYYY
LRRRRJDDDDDDDDDDDDDDDDDDD
PPPPPPMMMMMNXXXXXXXXXXXXX
VVVVVVVVVQQWHHHHHHHHHHHHH
BGGTTTFFFCCCCCCCCCCCCCCCC
Case #20:
AAAAAAACCCCCCCCCCCCCCCCCC
AAAAAAACCCCCCCCCCCCCCCCCC
AAAAAAACCCCCCCCCCCCCCCCCC
AAAAAAACCCCCCCCCCCCCCCCCC
AAAAAAACCCCCCCCCCCCCCCCCC
AAAAAAACCCCCCCCCCCCCCCCCC
AAAAAAACCCCCCCCCCCCCCCCCC
AAAAAAACCCCCCCCCCCCCCCCCC
AAAAAAACCCCCCCCCCCCCCCCCC
AAAAAAACCCCCCCCCCCCCCCCCC
AAAAAAACCCCCCCCCCCCCCCCCC
AAAAAAACCCCCCCCCCCCCCCCCC
AAAAAAACCCCCCCCCCCCCCCCCC
AAAAAAACCCCCCCCCCCCCCCCCC
AAAAAAACCCCCCCCCCCCCCCCCC
AAAAAAACCCCCCCCCCCCCCCCCC
AAAAAAACCCCCCCCCCCCCCCCCC
AAAAAAACCCCCCCCCCCCCCCCCC
AAAAAAACCCCCCCCCCCCCCCCCC
AAAAAAACCCCCCCCCCCCCCCCCC
EEEEEEEEEEEEEEEEEEEEEEEEE
EEEEEEEEEEEEEEEEEEEEEEEEE
EEEEEEEEEEEEEEEEEEEEEEEEE
EEEEEEEEEEEEEEEEEEEEEEEEE
BBBBBBBBDDDDDDDDDDDDDDDDD
Case #21:
UQ
XX
XX
KK
OO
BB
NN
PW
PW
GG
MV
ID
HH
FF
FF
FF
RJ
TY
CC
EA
EA
SS
LL
ZZ
ZZ
Case #22:
BBBBBBBBBBBBDDDDDDDCCCCCC
BBBBBBBBBBBBDDDDDDDCCCCCC
BBBBBBBBBBBBDDDDDDDCCCCCC
BBBBBBBBBBBBDDDDDDDCCCCCC
UUUUUUUUUUUUUUUUUUUUUUUUU
TTTTTTTTTTTTKKKKKKKKKKKKK
YYYYYYYYYYYYYYYYYYYYYYYYY
YYYYYYYYYYYYYYYYYYYYYYYYY
AAAAAAAAAAAAAAAAAAAAAAAAA
WWWWWWWWWWWLLLLZSSSSSSSSS
JJJJJJJJJJJJJJJOMMMMMMMMM
JJJJJJJJJJJJJJJOMMMMMMMMM
JJJJJJJJJJJJJJJOMMMMMMMMM
NNNNNNNNNNNNNNNNNNNNNNNNN
NNNNNNNNNNNNNNNNNNNNNNNNN
FFFFFFFFFFFFFFFFFFFFFFFFH
QQQQQQQQQQQQQQQQQQQQQQQQQ
IIIIIIIIIIIIIIIIIIIIIIIII
VVVVVVPPPPPPPPPPPPPPPPPXX
EEEEEEEEEEEEEEEEEEEEEEEEE
RRRRRRRRRRRRRRRRRRRRRRRRR
GGGGGGGGGGGGGGGGGGGGGGGGG
GGGGGGGGGGGGGGGGGGGGGGGGG
GGGGGGGGGGGGGGGGGGGGGGGGG
GGGGGGGGGGGGGGGGGGGGGGGGG
Case #23:
AAAAAAAAAABBBBBBBBBBBBBBB
AAAAAAAAAABBBBBBBBBBBBBBB
AAAAAAAAAABBBBBBBBBBBBBBB
AAAAAAAAAABBBBBBBBBBBBBBB
AAAAAAAAAABBBBBBBBBBBBBBB
CCCCCCCCCCCCCCCCCCCCCCCCC
DDDDDDDDDDDDDDDDDDDDDDDDD
EEEEEEEEEEEEEEEEEEEEEEEEE
EEEEEEEEEEEEEEEEEEEEEEEEE
EEEEEEEEEEEEEEEEEEEEEEEEE
EEEEEEEEEEEEEEEEEEEEEEEEE
EEEEEEEEEEEEEEEEEEEEEEEEE
EEEEEEEEEEEEEEEEEEEEEEEEE
EEEEEEEEEEEEEEEEEEEEEEEEE
EEEEEEEEEEEEEEEEEEEEEEEEE
EEEEEEEEEEEEEEEEEEEEEEEEE
EEEEEEEEEEEEEEEEEEEEEEEEE
EEEEEEEEEEEEEEEEEEEEEEEEE
FFFFFFFFFFFFFFHHHHHHHHHHH
JJJJJJJJJJJJJJJJJJJJJJJJJ
JJJJJJJJJJJJJJJJJJJJJJJJJ
JJJJJJJJJJJJJJJJJJJJJJJJJ
JJJJJJJJJJJJJJJJJJJJJJJJJ
GGGGGGGGGGGGGGGIIIIIIIIII
GGGGGGGGGGGGGGGIIIIIIIIII
Case #24:
AAAAAAAAAAAAAAAAAAAAAAAAA
BBBBBBBBBBBBBBBBBBBBBBBBB
CCCCCCCCCCCCCCCCCCCCCCCCC
DDDDDDDDDDDDDDDDDDDDDDDDD
EEEEEEEEEEEEEEEEEEEEEEEEE
FFFFFFFFFFFFFFFFFFFFFFFFF
GGGGGGGGGGGGGGGGGGGGGGGGG
HHHHHHHHHHHHHHHHHHHHHHHHH
IIIIIIIIIIIIIIIIIIIIIIIII
JJJJJJJJJJJJJJJJJJJJJJJJJ
KKKKKKKKKKKKKKKKKKKKKKKKK
LLLLLLLLLLLLLLLLLLLLLLLLL
MMMMMMMMMMMMMMMMMMMMMMMMM
NNNNNNNNNNNNNNNNNNNNNNNNN
OOOOOOOOOOOOOOOOOOOOOOOOO
PPPPPPPPPPPPPPPPPPPPPPPPP
QQQQQQQQQQQQQQQQQQQQQQQQQ
RRRRRRRRRRRRRRRRRRRRRRRRR
SSSSSSSSSSSSSSSSSSSSSSSSS
TTTTTTTTTTTTTTTTTTTTTTTTT
UUUUUUUUUUUUUUUUUUUUUUUUU
VVVVVVVVVVVVVVVVVVVVVVVVV
WWWWWWWWWWWWWWWWWWWWWWWWW
XXXXXXXXXXXXXXXXXXXXXXXXX
YYYYYYYYYYYYYYYYYYYYYYYYY
Case #25:
JJJJJJJJJJJJJJJJJJJJJJJJY
MMMMMMMMMMMMMMMMMMMMMMMMM
MMMMMMMMMMMMMMMMMMMMMMMMM
MMMMMMMMMMMMMMMMMMMMMMMMM
KKKKKKKKKKKKKKKKKKKKKKKKK
LLLLLLLLLLLLLLLLLLLLLLLLL
HHHHHHHHHHHHHHHHHHHHHHHHH
HHHHHHHHHHHHHHHHHHHHHHHHH
AAAAAAAAAAAAAAAAAAAAAAAAA
GGGGGGGGGGGGGGGGGGGGGGGGG
GGGGGGGGGGGGGGGGGGGGGGGGG
CCCCCCCCCZZZZZZZZZZZZZZZZ
QQQQQQQQQQQQQQQQTTTTTTTTT
EEEEEEEEEEEEEEEEEEEEEEEEE
FFFFFFFFFFFFFFFFFFFFFFFFF
RRRRRRNNNNNNUUUUUUUUUUUUU
RRRRRRNNNNNNUUUUUUUUUUUUU
RRRRRRNNNNNNUUUUUUUUUUUUU
RRRRRRNNNNNNUUUUUUUUUUUUU
SSSSSSSSSSSSVVVVVVVVVVVVV
BBBBBBBBBBBBBBBBBBBBBBBBW
IIIIIIIIIIIIIIIIIDDDDDDDD
PPPPPPPPPPPOOOOOOOOOOOOOO
PPPPPPPPPPPOOOOOOOOOOOOOO
XXXXXXXXXXXXXXXXXXXXXXXXX
Case #26:
JJJJJJJJJJJJJJJJJJJJJJJJJ
JJJJJJJJJJJJJJJJJJJJJJJJJ
JJJJJJJJJJJJJJJJJJJJJJJJJ
JJJJJJJJJJJJJJJJJJJJJJJJJ
JJJJJJJJJJJJJJJJJJJJJJJJJ
JJJJJJJJJJJJJJJJJJJJJJJJJ
JJJJJJJJJJJJJJJJJJJJJJJJJ
JJJJJJJJJJJJJJJJJJJJJJJJJ
MMMMMLLLLLLLLLLLLLLLLLLLL
OOOOOOOOOOOOOOOOOOOOOOOOO
BBBBBCCTTTTTTTTTTTTTTTTTT
UUUUUUSKKKKKKKKKKKKKKKKKK
FFFZZRIIIDDDDDDDDDDDDDDDD
EEEEEAVVXQQQQQQQQQQQQQQQQ
HHHHHHPNNNNNNNNNNNNNNNNNN
YYYYYYYGGGGGGGGGGGGGGGGGG
WWWWWWWWWWWWWWWWWWWWWWWWW
WWWWWWWWWWWWWWWWWWWWWWWWW
WWWWWWWWWWWWWWWWWWWWWWWWW
WWWWWWWWWWWWWWWWWWWWWWWWW
WWWWWWWWWWWWWWWWWWWWWWWWW
WWWWWWWWWWWWWWWWWWWWWWWWW
WWWWWWWWWWWWWWWWWWWWWWWWW
WWWWWWWWWWWWWWWWWWWWWWWWW
WWWWWWWWWWWWWWWWWWWWWWWWW
Case #27:
YYYYYYYYYYYYYYYYYYYYYYYYY
XXXXXXXXXXXXXXXXXXRCCWWWW
KKKKKKKKKKKKKKKKKKZJOOTFB
IIIIIIIIIIIIIIIIIIINNNNNP
VVVVVVVVVVVVVVVVVVVVAMLLL
QQQQQQQQQQQQQQQQQQQQQSGEE
DDDDDDDDDDDDDDDDDDDDDUHHH
DDDDDDDDDDDDDDDDDDDDDUHHH
DDDDDDDDDDDDDDDDDDDDDUHHH
DDDDDDDDDDDDDDDDDDDDDUHHH
DDDDDDDDDDDDDDDDDDDDDUHHH
DDDDDDDDDDDDDDDDDDDDDUHHH
DDDDDDDDDDDDDDDDDDDDDUHHH
DDDDDDDDDDDDDDDDDDDDDUHHH
DDDDDDDDDDDDDDDDDDDDDUHHH
DDDDDDDDDDDDDDDDDDDDDUHHH
DDDDDDDDDDDDDDDDDDDDDUHHH
DDDDDDDDDDDDDDDDDDDDDUHHH
DDDDDDDDDDDDDDDDDDDDDUHHH
DDDDDDDDDDDDDDDDDDDDDUHHH
DDDDDDDDDDDDDDDDDDDDDUHHH
DDDDDDDDDDDDDDDDDDDDDUHHH
DDDDDDDDDDDDDDDDDDDDDUHHH
DDDDDDDDDDDDDDDDDDDDDUHHH
DDDDDDDDDDDDDDDDDDDDDUHHH
Case #28:
AAAAACCCCCCCCCCCCCCCCCCCC
AAAAACCCCCCCCCCCCCCCCCCCC
AAAAACCCCCCCCCCCCCCCCCCCC
EEEEEEEEEEEEEEEEEEEEEEEEE
EEEEEEEEEEEEEEEEEEEEEEEEE
EEEEEEEEEEEEEEEEEEEEEEEEE
EEEEEEEEEEEEEEEEEEEEEEEEE
BBBBBBDDDDDDDDDDDDDDDDDDD
BBBBBBDDDDDDDDDDDDDDDDDDD
BBBBBBDDDDDDDDDDDDDDDDDDD
BBBBBBDDDDDDDDDDDDDDDDDDD
BBBBBBDDDDDDDDDDDDDDDDDDD
BBBBBBDDDDDDDDDDDDDDDDDDD
BBBBBBDDDDDDDDDDDDDDDDDDD
FFFFFFFFFFFFFFFFFFFFFFGGG
HHHHHHHHHHHHHHHHHHHHHHHHH
IIIIIIIIIIIIIIIIIIIIIIIII
JJJJJJJJJJJJJJJJJJJJJJJJJ
JJJJJJJJJJJJJJJJJJJJJJJJJ
JJJJJJJJJJJJJJJJJJJJJJJJJ
JJJJJJJJJJJJJJJJJJJJJJJJJ
JJJJJJJJJJJJJJJJJJJJJJJJJ
JJJJJJJJJJJJJJJJJJJJJJJJJ
JJJJJJJJJJJJJJJJJJJJJJJJJ
JJJJJJJJJJJJJJJJJJJJJJJJJ
Case #29:
ABCDEFGHIJKLMNOPQRSTUVWXY
ABCDEFGHIJKLMNOPQRSTUVWXY
ABCDEFGHIJKLMNOPQRSTUVWXY
ABCDEFGHIJKLMNOPQRSTUVWXY
ABCDEFGHIJKLMNOPQRSTUVWXY
ABCDEFGHIJKLMNOPQRSTUVWXY
ABCDEFGHIJKLMNOPQRSTUVWXY
ABCDEFGHIJKLMNOPQRSTUVWXY
ABCDEFGHIJKLMNOPQRSTUVWXY
ABCDEFGHIJKLMNOPQRSTUVWXY
ABCDEFGHIJKLMNOPQRSTUVWXY
ABCDEFGHIJKLMNOPQRSTUVWXY
ABCDEFGHIJKLMNOPQRSTUVWXY
ABCDEFGHIJKLMNOPQRSTUVWXY
ABCDEFGHIJKLMNOPQRSTUVWXY
ABCDEFGHIJKLMNOPQRSTUVWXY
ABCDEFGHIJKLMNOPQRSTUVWXY
ABCDEFGHIJKLMNOPQRSTUVWXY
ABCDEFGHIJKLMNOPQRSTUVWXY
ABCDEFGHIJKLMNOPQRSTUVWXY
ABCDEFGHIJKLMNOPQRSTUVWXY
ABCDEFGHIJKLMNOPQRSTUVWXY
ABCDEFGHIJKLMNOPQRSTUVWXY
ABCDEFGHIJKLMNOPQRSTUVWXY
ABCDEFGHIJKLMNOPQRSTUVWXY
Case #30:
TTTTTTTTTTTTTTTTTTTTTTTTT
TTTTTTTTTTTTTTTTTTTTTTTTT
PPPPPPPPPPPPPPPPPPPPPPPPP
IIIIIIIIIIIIIIIIIIIIIIIIV
IIIIIIIIIIIIIIIIIIIIIIIIV
FFFFFFFFFFFFFFBBBBBBBBBBB
LLLLLLLLLLLLLLLLLLLLAAAAA
SSSSSSSSSSSSSSSSSSSKKKKKK
SSSSSSSSSSSSSSSSSSSKKKKKK
SSSSSSSSSSSSSSSSSSSKKKKKK
UUUUUUUQQQQQQQOOOOOOOOOOO
UUUUUUUQQQQQQQOOOOOOOOOOO
NNNNNNNNNNNNNNXXXXXXXXXCC
JJJJJJJJJJJJJJJJJJJJJJJJJ
RRRRRRRRRRRRRRRRRRRRRRRRR
RRRRRRRRRRRRRRRRRRRRRRRRR
MMMMMMMMMMMMMMMHHHHHHHHZZ
WWWWWWWWWWWWGGGGGGGGGGGGG
YYYYYYYYYYYYYYYYYYYYYYYYY
EEEEEEEEEEEEEEEEEEEEEEEEE
EEEEEEEEEEEEEEEEEEEEEEEEE
EEEEEEEEEEEEEEEEEEEEEEEEE
DDDDDDDDDDDDDDDDDDDDDDDDD
DDDDDDDDDDDDDDDDDDDDDDDDD
DDDDDDDDDDDDDDDDDDDDDDDDD
Case #31:
AA
Case #32:
AAAAAAAAAAAAAAAAAAAAAAAAA
BBBBBBBBBBBBBBBBBBBBBBBBB
CCCCCCCCCCCCCCCCCCCCCCCCC
DDDDDDDDDDDDDDDDDDDDDDDDD
EEEEEEEEEEEEEEEEEEEEEEEEE
FFFFFFFFFFFFFFFFFFFFFFFFF
GGGGGGGGGGGGGGGGGGGGGGGGG
HHHHHHHHHHHHHHHHHHHHHHHHH
IIIIIIIIIIIIIIIIIIIIIIIII
JJJJJJJJJJJJJJJJJJJJJJJJJ
KKKKKKKKKKKKKKKKKKKKKKKKK
LLLLLLLLLLLLLLLLLLLLLLLLL
MMMMMMMMMMMMMMMMMMMMMMMMM
NNNNNNNNNNNNNNNNNNNNNNNNN
OOOOOOOOOOOOOOOOOOOOOOOOO
PPPPPPPPPPPPPPPPPPPPPPPPP
QQQQQQQQQQQQQQQQQQQQQQQQQ
RRRRRRRRRRRRRRRRRRRRRRRRR
SSSSSSSSSSSSSSSSSSSSSSSSS
TTTTTTTTTTTTTTTTTTTTTTTTT
UUUUUUUUUUUUUUUUUUUUUUUUU
VVVVVVVVVVVVVVVVVVVVVVVVV
WWWWWWWWWWWWWWWWWWWWWWWWW
XXXXXXXXXXXXXXXXXXXXXXXXX
YYYYYYYYYYYYYYYYYYYYYYYYY
Case #33:
AAAAAAAAAAAAAAAAAAAAAAAAA
BBBBBBBBBBBBBBBBBBBBBBBBB
CCCCCCCCCCCCCCCCCCCCCCCCC
DDDDDDDDDDDDDDDDDDDDDDDDD
EEEEEEEEEEEEEEEEEEEEEEEEE
FFFFFFFFFFFFFFFFFFFFFFFFF
GGGGGGGGGGGGGGGGGGGGGGGGG
HHHHHHHHHHHHHHHHHHHHHHHHH
IIIIIIIIIIIIIIIIIIIIIIIII
JJJJJJJJJJJJJJJJJJJJJJJJJ
KKKKKKKKKKKKKKKKKKKKKKKKK
LLLLLLLLLLLLLLLLLLLLLLLLL
MMMMMMMMMMMMMMMMMMMMMMMMM
NNNNNNNNNNNNNNNNNNNNNNNNN
OOOOOOOOOOOOOOOOOOOOOOOOO
PPPPPPPPPPPPPPPPPPPPPPPPP
QQQQQQQQQQQQQQQQQQQQQQQQQ
RRRRRRRRRRRRRRRRRRRRRRRRR
SSSSSSSSSSSSSSSSSSSSSSSSS
TTTTTTTTTTTTTTTTTTTTTTTTT
UUUUUUUUUUUUUUUUUUUUUUUUU
VVVVVVVVVVVVVVVVVVVVVVVVV
WWWWWWWWWWWWWWWWWWWWWWWWW
XXXXXXXXXXXXXXXXXXXXXXXXX
YYYYYYYYYYYYYYYYYYYYYYYYY
Case #34:
AAAAAAAAAAAAAAAAAAAAAAAAA
AAAAAAAAAAAAAAAAAAAAAAAAA
AAAAAAAAAAAAAAAAAAAAAAAAA
AAAAAAAAAAAAAAAAAAAAAAAAA
AAAAAAAAAAAAAAAAAAAAAAAAA
AAAAAAAAAAAAAAAAAAAAAAAAA
AAAAAAAAAAAAAAAAAAAAAAAAA
AAAAAAAAAAAAAAAAAAAAAAAAA
AAAAAAAAAAAAAAAAAAAAAAAAA
AAAAAAAAAAAAAAAAAAAAAAAAA
AAAAAAAAAAAAAAAAAAAAAAAAA
AAAAAAAAAAAAAAAAAAAAAAAAA
AAAAAAAAAAAAAAAAAAAAAAAAA
AAAAAAAAAAAAAAAAAAAAAAAAA
AAAAAAAAAAAAAAAAAAAAAAAAA
AAAAAAAAAAAAAAAAAAAAAAAAA
AAAAAAAAAAAAAAAAAAAAAAAAA
AAAAAAAAAAAAAAAAAAAAAAAAA
AAAAAAAAAAAAAAAAAAAAAAAAA
AAAAAAAAAAAAAAAAAAAAAAAAA
AAAAAAAAAAAAAAAAAAAAAAAAA
AAAAAAAAAAAAAAAAAAAAAAAAA
AAAAAAAAAAAAAAAAAAAAAAAAA
AAAAAAAAAAAAAAAAAAAAAAAAA
AAAAAAAAAAAAAAAAAAAAAAAAA
Case #35:
AAAAAAAAAAABBBBBBBBBBBBBB
AAAAAAAAAAABBBBBBBBBBBBBB
AAAAAAAAAAABBBBBBBBBBBBBB
AAAAAAAAAAABBBBBBBBBBBBBB
AAAAAAAAAAABBBBBBBBBBBBBB
AAAAAAAAAAABBBBBBBBBBBBBB
AAAAAAAAAAABBBBBBBBBBBBBB
AAAAAAAAAAABBBBBBBBBBBBBB
AAAAAAAAAAABBBBBBBBBBBBBB
AAAAAAAAAAABBBBBBBBBBBBBB
AAAAAAAAAAABBBBBBBBBBBBBB
AAAAAAAAAAABBBBBBBBBBBBBB
AAAAAAAAAAABBBBBBBBBBBBBB
AAAAAAAAAAABBBBBBBBBBBBBB
AAAAAAAAAAABBBBBBBBBBBBBB
AAAAAAAAAAABBBBBBBBBBBBBB
AAAAAAAAAAABBBBBBBBBBBBBB
AAAAAAAAAAABBBBBBBBBBBBBB
CCCCCCCCCCCCCCCCCCCCCCCCC
DDDDDDDDDDDDDDDDDDDDDDDDD
EEEEEEEEEEEEEEEEEEEEEEEEE
EEEEEEEEEEEEEEEEEEEEEEEEE
EEEEEEEEEEEEEEEEEEEEEEEEE
EEEEEEEEEEEEEEEEEEEEEEEEE
EEEEEEEEEEEEEEEEEEEEEEEEE
Case #36:
AAAAAAAABBBBBBBBBBBBBBBBB
AAAAAAAABBBBBBBBBBBBBBBBB
AAAAAAAABBBBBBBBBBBBBBBBB
AAAAAAAABBBBBBBBBBBBBBBBB
AAAAAAAABBBBBBBBBBBBBBBBB
CCCCCCCCCCCCCCCCCCCCCCCCC
DDDDDDDDDDDDDDDDDDDDDDDDD
EEEEEEEEEEEEEEEEEEEEEEEEE
EEEEEEEEEEEEEEEEEEEEEEEEE
EEEEEEEEEEEEEEEEEEEEEEEEE
EEEEEEEEEEEEEEEEEEEEEEEEE
EEEEEEEEEEEEEEEEEEEEEEEEE
EEEEEEEEEEEEEEEEEEEEEEEEE
EEEEEEEEEEEEEEEEEEEEEEEEE
EEEEEEEEEEEEEEEEEEEEEEEEE
EEEEEEEEEEEEEEEEEEEEEEEEE
FFFFFFFFFFFFFFHHHHHHHHHHH
JJJJJJJJJJJJJJJJJJJJJJJJJ
JJJJJJJJJJJJJJJJJJJJJJJJJ
JJJJJJJJJJJJJJJJJJJJJJJJJ
JJJJJJJJJJJJJJJJJJJJJJJJJ
GGGGGGGGGGGGGGGIIIIIIIIII
GGGGGGGGGGGGGGGIIIIIIIIII
GGGGGGGGGGGGGGGIIIIIIIIII
GGGGGGGGGGGGGGGIIIIIIIIII
Case #37:
AAA
AAA
AAA
AAA
AAA
Case #38:
A
Case #39:
JJJJH
GGBCC
DDDDI
AAAAE
FFFFF
Case #40:
IIIIIIIIIIIIIIIIIIIIIIIII
IIIIIIIIIIIIIIIIIIIIIIIII
IIIIIIIIIIIIIIIIIIIIIIIII
IIIIIIIIIIIIIIIIIIIIIIIII
IIIIIIIIIIIIIIIIIIIIIIIII
IIIIIIIIIIIIIIIIIIIIIIIII
IIIIIIIIIIIIIIIIIIIIIIIII
IIIIIIIIIIIIIIIIIIIIIIIII
IIIIIIIIIIIIIIIIIIIIIIIII
IIIIIIIIIIIIIIIIIIIIIIIII
IIIIIIIIIIIIIIIIIIIIIIIII
IIIIIIIIIIIIIIIIIIIIIIIII
IIIIIIIIIIIIIIIIIIIIIIIII
IIIIIIIIIIIIIIIIIIIIIIIII
YYYYMMMMMMMMMMMMMMMMMMMMM
CCCCCCCUUUUUUUUUUUUUUUUUU
NNNNNNNNNNNNNNNNNNNNNNNNN
XXXRRRRGZKKKKKKKKKKKKKKKK
AAAAAWWWQQQQQQQQQQQQQQQQQ
AAAAAWWWQQQQQQQQQQQQQQQQQ
DDDDDDDDDDDDDDDDDDDDDDDDD
FFFFFFFFOOOOOOOOOOOOOOOOO
JJJJJJJSSSELLLLLLLLLLLLLL
VVVVVVVTTTTHHHHHHHHHHHHHH
PPPPPPPPPPPBBBBBBBBBBBBBB
Case #41:
KKKKKKKKKKKKDWFLAUUUUUUUU
EEEEEEEEEEEEEJJJJICCCCCCC
QQQQQQQQQQBNNMOOOVVYYYYYY
SSSSSSSSSSSSSSSSTTTTTTTTT
ZZZZZZZZZZZZZXXXPHHHHHHHH
GGGGGGGGGGGGGGGGGGGGGGGGG
GGGGGGGGGGGGGGGGGGGGGGGGG
RRRRRRRRRRRRRRRRRRRRRRRRR
RRRRRRRRRRRRRRRRRRRRRRRRR
RRRRRRRRRRRRRRRRRRRRRRRRR
RRRRRRRRRRRRRRRRRRRRRRRRR
RRRRRRRRRRRRRRRRRRRRRRRRR
RRRRRRRRRRRRRRRRRRRRRRRRR
RRRRRRRRRRRRRRRRRRRRRRRRR
RRRRRRRRRRRRRRRRRRRRRRRRR
RRRRRRRRRRRRRRRRRRRRRRRRR
RRRRRRRRRRRRRRRRRRRRRRRRR
RRRRRRRRRRRRRRRRRRRRRRRRR
RRRRRRRRRRRRRRRRRRRRRRRRR
RRRRRRRRRRRRRRRRRRRRRRRRR
RRRRRRRRRRRRRRRRRRRRRRRRR
RRRRRRRRRRRRRRRRRRRRRRRRR
RRRRRRRRRRRRRRRRRRRRRRRRR
RRRRRRRRRRRRRRRRRRRRRRRRR
RRRRRRRRRRRRRRRRRRRRRRRRR
Case #42:
AAAAAAAAAAAAAAAAAAAAAAAA
AAAAAAAAAAAAAAAAAAAAAAAA
AAAAAAAAAAAAAAAAAAAAAAAA
XXXXXXXCCCCCCCCCCCCCCCCC
XXXXXXXCCCCCCCCCCCCCCCCC
XXXXXXXCCCCCCCCCCCCCCCCC
XXXXXXXCCCCCCCCCCCCCCCCC
WWWWWWWWWWWWWWWWWWWWWWWH
LLLLLLLLLSSSSSSSSSSSSSSS
QQQQQQQQQQQQQQQQQQQQQQQP
TTTTTTTTTTTTTTJJJJJJJJJJ
TTTTTTTTTTTTTTJJJJJJJJJJ
IIIIIIIIIIIIIIIIIIIIIIII
BBUUUUUUUUUUUYYYYYYYYYYY
BBUUUUUUUUUUUYYYYYYYYYYY
MMMMMMMMMMMMMMMMMMMMMMMM
GGGGGGGGGGGGGGGGGFFFFFFF
EEEEEEEEEKKKKKKKKKKKKKKK
VVVVVVVVVVVVVVVVVOOOOOOO
VVVVVVVVVVVVVVVVVOOOOOOO
VVVVVVVVVVVVVVVVVOOOOOOO
NNNNNNNNNNNNNNNNDDDDDDDD
NNNNNNNNNNNNNNNNDDDDDDDD
NNNNNNNNNNNNNNNNDDDDDDDD
RRRRRRRRRRRRRRRRRRRRRRRR
Case #43:
JJJJJ
JJJJJ
JJJJJ
EEEFC
LLLGA
IIIHK
DDDDB
Case #44:
DDDDDDDDDDDDDDJJJJJJJJJJJ
VVVVVVVVVVVVVVVVVVVVVVVVO
QQQQQQQQQQQQQIIIIIIIIIIII
QQQQQQQQQQQQQIIIIIIIIIIII
YYYYYYYYYYYENNNNNNNNNNNNN
GGGGGGGGGGGGGGGGGGGGGGGGG
GGGGGGGGGGGGGGGGGGGGGGGGG
GGGGGGGGGGGGGGGGGGGGGGGGG
WWWWWWWWWWWWWWWWWWWWWWWWW
CCCCCCCCCCCCCTTTTTTTKKKKK
CCCCCCCCCCCCCTTTTTTTKKKKK
HHHHHHHHHHHHHHHHHHHHHHHHH
HHHHHHHHHHHHHHHHHHHHHHHHH
HHHHHHHHHHHHHHHHHHHHHHHHH
LLLLLLLLLLLLLLLLLLLLLLLLL
LLLLLLLLLLLLLLLLLLLLLLLLL
SSSSSSSSSSSSSSSSSSSSSSSSS
BBBBBBBBBBBBBBBBBBBBBUUUU
BBBBBBBBBBBBBBBBBBBBBUUUU
RRRRRRRRRRRRRRRRRRRRRRRRR
MMMMMMMMMMMMMMMMMMMMMMMMM
PPPPPPPPPPPPPPPPPPPPPPPPP
AAAAAAAAAAAAAAAAAAAAAAAFF
XXXXXXXXXXXXXXXXXXXXXXXXX
Case #45:
AAAAACCCCCCCCCCCCCCCCCCCC
AAAAACCCCCCCCCCCCCCCCCCCC
AAAAACCCCCCCCCCCCCCCCCCCC
AAAAACCCCCCCCCCCCCCCCCCCC
AAAAACCCCCCCCCCCCCCCCCCCC
EEEEEEEEEEEEEEEEEEEEEEEEE
EEEEEEEEEEEEEEEEEEEEEEEEE
EEEEEEEEEEEEEEEEEEEEEEEEE
EEEEEEEEEEEEEEEEEEEEEEEEE
BBBBBBDDDDDDDDDDDDDDDDDDD
BBBBBBDDDDDDDDDDDDDDDDDDD
BBBBBBDDDDDDDDDDDDDDDDDDD
BBBBBBDDDDDDDDDDDDDDDDDDD
BBBBBBDDDDDDDDDDDDDDDDDDD
BBBBBBDDDDDDDDDDDDDDDDDDD
BBBBBBDDDDDDDDDDDDDDDDDDD
BBBBBBDDDDDDDDDDDDDDDDDDD
BBBBBBDDDDDDDDDDDDDDDDDDD
BBBBBBDDDDDDDDDDDDDDDDDDD
FFFFFFFFFFFFFFFFFFFFGGGGG
HHHHHHHHHHHHHHHHHHHHHHHHH
IIIIIIIIIIIIIIIIIIIIIIIII
JJJJJJJJJJJJJJJJJJJJJJJJJ
JJJJJJJJJJJJJJJJJJJJJJJJJ
JJJJJJJJJJJJJJJJJJJJJJJJJ
Case #46:
DDDDDDDDDDDDDDDDWWWWWWWWW
RRRRRRRRRRRRRRRRRRRRGGGGG
RRRRRRRRRRRRRRRRRRRRGGGGG
RRRRRRRRRRRRRRRRRRRRGGGGG
RRRRRRRRRRRRRRRRRRRRGGGGG
ZZZZZZZZEEEEEEEEEEEEEEEEE
PPPPPPPPPPPPPPPPPPPPPPPPP
BBBBBBBBBBBBBBBBBBBBBBBNJ
UUUUUUUUUUUUUUUUUUUVVVVVV
SSSSSSSSSSSSSSSSSSSSSSSSS
XXXXXXXXXXXXXXXXXXXXXXXXX
XXXXXXXXXXXXXXXXXXXXXXXXX
XXXXXXXXXXXXXXXXXXXXXXXXX
XXXXXXXXXXXXXXXXXXXXXXXXX
XXXXXXXXXXXXXXXXXXXXXXXXX
FFFFFFFKKKKKKKKKKKKKKMMMM
OOOOOOOOOOOOOOOOOOOOOOOOO
IIIIIIIIIIIIIIIIIIIIIIIII
CCCCCCCCCCCCCCCCCCCCCCCCA
LLLLLLLLLLLLLLLLLLLLLLLLL
LLLLLLLLLLLLLLLLLLLLLLLLL
LLLLLLLLLLLLLLLLLLLLLLLLL
YYYYYYYYYYYYYYYYYYYYYYYYY
HHHHHHHHHHHHQQQQQTTTTTTTT
HHHHHHHHHHHHQQQQQTTTTTTTT
Case #47:
CCCCCCCCCCCCCCCCCCCCCCCCC
CCCCCCCCCCCCCCCCCCCCCCCCC
CCCCCCCCCCCCCCCCCCCCCCCCC
CCCCCCCCCCCCCCCCCCCCCCCCC
CCCCCCCCCCCCCCCCCCCCCCCCC
CCCCCCCCCCCCCCCCCCCCCCCCC
CCCCCCCCCCCCCCCCCCCCCCCCC
CCCCCCCCCCCCCCCCCCCCCCCCC
DDDDDDDDDDDDDDDDDDDDDDDVV
NNNNNNNNNNNNNNNNNNPPPPPPP
YYYYYYYYYYYYYYYYYYYYSSSSS
HHHHHHHHHHHHHHHHHHHHHHHHH
WWWWWWWWWWWWWWWWWQQQAAAAR
FFFFFFFFFFFFFFFFFFFLMMJJJ
KKKKKKKKKKKKKKKKKKKXXXGGG
KKKKKKKKKKKKKKKKKKKXXXGGG
UUUUUUUUUUUUUUUUUUUUOOTTT
IIIIIIIIIIIIIIIIIIIIIIIII
ZZZZZZZZZZZZZZZZZZZZZZZZZ
ZZZZZZZZZZZZZZZZZZZZZZZZZ
EEEEEEEEEEEEEEEEEEEEEEEEE
BBBBBBBBBBBBBBBBBBBBBBBBB
BBBBBBBBBBBBBBBBBBBBBBBBB
BBBBBBBBBBBBBBBBBBBBBBBBB
BBBBBBBBBBBBBBBBBBBBBBBBB
Case #48:
JJJJJJJJJJJJJJJJJJJJHXXXX
JJJJJJJJJJJJJJJJJJJJHXXXX
VVVVVVVVVVVVVVVVVVVVVSSSS
VVVVVVVVVVVVVVVVVVVVVSSSS
UUUUUUUUUUUUUUUUUUUUUUUUU
FFFFFFFFFFFFFFFFFFFFFFFFF
OOOOOOOOOOOOOOOOOOOOOOOOO
GGGGGGGGGGGGGGGGGGGGGEEEE
GGGGGGGGGGGGGGGGGGGGGEEEE
GGGGGGGGGGGGGGGGGGGGGEEEE
RRRRRRRRRRRRRRRRRRRRRRRRR
QQQQQQQQQQQQQQQQQQQQZZZZZ
QQQQQQQQQQQQQQQQQQQQZZZZZ
BBBBBBBBBBBBBBBBBBBBBBBBB
AAAAAAAAAAAAAAAAAAAAPPPPP
TTTTTTTTTTTTTTTTTTTTTTTTT
DDDDDDDDDDDDDDDDDDDDDDDDD
CCCCCCCCCCCCCCCCCCCCCCCCC
NNNNNNNNNNNNNNNNNNNNNNNMM
YYYYYYYYYYYYYYYYYYYYYYYYY
YYYYYYYYYYYYYYYYYYYYYYYYY
WWWWWWWWWWWWWWWWWWWWWLLLL
IIIIIIIIIIIIIIIIIIIIIIIII
IIIIIIIIIIIIIIIIIIIIIIIII
KKKKKKKKKKKKKKKKKKKKKKKKK
Case #49:
VVVVVVVVVVVVVVVVVVVVVVVVV
NNNNNNNNNNNNNNNNNNNNNNNNN
TTTTTTTTTTTTTTTTTTTTTTTTT
EEEEEEEEEEEEEEEEEEEEAAAAA
RRRRRRRRRRRRRRRRRRRRRUUUS
MMMMMMMMMMMMMMMMMMWWWWWWW
FFFFZZZZZZZZZZBBBBBBBBBBB
XXXXXXXXXXXXQQQQQQYYYYYYY
KKKKKKKKKKKKKKKKKKKKKKKKK
KKKKKKKKKKKKKKKKKKKKKKKKK
KKKKKKKKKKKKKKKKKKKKKKKKK
GGGGGGGGGGGGGGGGGGGGGGGGG
GGGGGGGGGGGGGGGGGGGGGGGGG
GGGGGGGGGGGGGGGGGGGGGGGGG
HHHHHHHHHHHHHHHHHHHHHHIII
HHHHHHHHHHHHHHHHHHHHHHIII
HHHHHHHHHHHHHHHHHHHHHHIII
DDDDDDDDDDDDDDDDDDDDDDDDD
PPPPPPPPPPPPPPPPPPPPPPPPP
PPPPPPPPPPPPPPPPPPPPPPPPP
JJJJJJJJJJJJJJJJJJJJJJJJJ
CCCCCCCCCCCCCCCCCCCCCCCCC
CCCCCCCCCCCCCCCCCCCCCCCCC
OOOOOOOOOOOOOOOOOOOOOOOOO
LLLLLLLLLLLLLLLLLLLLLLLLL
Case #50:
AAAAAAAAAAAAAAAAAAAAAAAAA
BBBBBBBBBBBBBBBBBBBBBBBBB
CCCCCCCCCCCCCCCCCCCCCCCCC
DDDDDDDDDDDDDDDDDDDDDDDDD
EEEEEEEEEEEEEEEEEEEEEEEEE
FFFFFFFFFFFFFFFFFFFFFFFFF
GGGGGGGGGGGGGGGGGGGGGGGGG
HHHHHHHHHHHHHHHHHHHHHHHHH
IIIIIIIIIIIIIIIIIIIIIIIII
JJJJJJJJJJJJJJJJJJJJJJJJJ
KKKKKKKKKKKKKKKKKKKKKKKKK
LLLLLLLLLLLLLLLLLLLLLLLLL
MMMMMMMMMMMMMMMMMMMMMMMMM
NNNNNNNNNNNNNNNNNNNNNNNNN
OOOOOOOOOOOOOOOOOOOOOOOOO
PPPPPPPPPPPPPPPPPPPPPPPPP
QQQQQQQQQQQQQQQQQQQQQQQQQ
RRRRRRRRRRRRRRRRRRRRRRRRR
SSSSSSSSSSSSSSSSSSSSSSSSS
TTTTTTTTTTTTTTTTTTTTTTTTT
UUUUUUUUUUUUUUUUUUUUUUUUU
VVVVVVVVVVVVVVVVVVVVVVVVV
WWWWWWWWWWWWWWWWWWWWWWWWW
XXXXXXXXXXXXXXXXXXXXXXXXX
YYYYYYYYYYYYYYYYYYYYYYYYY
Case #51:
KKKKKKKKKKKKKKKKKKKKKKKKK
ZZZZZZZZZZZZZZZZZZZZZZZZZ
ZZZZZZZZZZZZZZZZZZZZZZZZZ
GGGGGGGGGGGGGGGGGGGHHHHHH
GGGGGGGGGGGGGGGGGGGHHHHHH
GGGGGGGGGGGGGGGGGGGHHHHHH
TTTTTTTTTTTTTTTTTTTTTTTTT
WWWWWWWWWWWWWAAAAAPPPPPPP
WWWWWWWWWWWWWAAAAAPPPPPPP
NNNNNNNNNNNNNNNNNNNNNNNNN
XXXXXXXXXXXXXXXXXXXXXXXXX
JJJJJJJJJJJJJJJJJJJJJJJJJ
JJJJJJJJJJJJJJJJJJJJJJJJJ
DDDDDDDDDDDDDDDDDDDDDCCCC
FFFFFFFFFFFFFFFFFFFFFFFFF
RRRRRRRRRRRRRRRRRRRRRRRRR
RRRRRRRRRRRRRRRRRRRRRRRRR
UUUSSSVVQQQQQQQQQQQQQQQQQ
UUUSSSVVQQQQQQQQQQQQQQQQQ
UUUSSSVVQQQQQQQQQQQQQQQQQ
LLLLLLLLLLLLLLLMMMMMMMMMM
EEEEEEEEEEEEEEEEEEBBBBBBB
EEEEEEEEEEEEEEEEEEBBBBBBB
IIIIIIIIIIIIIIIIYYYYYYYYY
OOOOOOOOOOOOOOOOOOOOOOOOO
Case #52:
CCCCC
CCCCC
AABBB
Case #53:
AABBCCDDEEFFGGHHIIJJKKLLM
NNNOOPPQQRRSSTTUUVVWWXXYY
ZZZZZZZZZZZZZZZZZZZZZZZZZ
ZZZZZZZZZZZZZZZZZZZZZZZZZ
ZZZZZZZZZZZZZZZZZZZZZZZZZ
ZZZZZZZZZZZZZZZZZZZZZZZZZ
ZZZZZZZZZZZZZZZZZZZZZZZZZ
ZZZZZZZZZZZZZZZZZZZZZZZZZ
ZZZZZZZZZZZZZZZZZZZZZZZZZ
ZZZZZZZZZZZZZZZZZZZZZZZZZ
ZZZZZZZZZZZZZZZZZZZZZZZZZ
ZZZZZZZZZZZZZZZZZZZZZZZZZ
ZZZZZZZZZZZZZZZZZZZZZZZZZ
ZZZZZZZZZZZZZZZZZZZZZZZZZ
ZZZZZZZZZZZZZZZZZZZZZZZZZ
ZZZZZZZZZZZZZZZZZZZZZZZZZ
ZZZZZZZZZZZZZZZZZZZZZZZZZ
ZZZZZZZZZZZZZZZZZZZZZZZZZ
ZZZZZZZZZZZZZZZZZZZZZZZZZ
ZZZZZZZZZZZZZZZZZZZZZZZZZ
ZZZZZZZZZZZZZZZZZZZZZZZZZ
ZZZZZZZZZZZZZZZZZZZZZZZZZ
ZZZZZZZZZZZZZZZZZZZZZZZZZ
ZZZZZZZZZZZZZZZZZZZZZZZZZ
ZZZZZZZZZZZZZZZZZZZZZZZZZ
Case #54:
FFFFFFFFFFFFFFFFFFFFFFFFF
FFFFFFFFFFFFFFFFFFFFFFFFF
FFFFFFFFFFFFFFFFFFFFFFFFF
FFFFFFFFFFFFFFFFFFFFFFFFF
FFFFFFFFFFFFFFFFFFFFFFFFF
FFFFFFFFFFFFFFFFFFFFFFFFF
FFFFFFFFFFFFFFFFFFFFFFFFF
FFFFFFFFFFFFFFFFFFFFFFFFF
FFFFFFFFFFFFFFFFFFFFFFFFF
FFFFFFFFFFFFFFFFFFFFFFFFF
FFFFFFFFFFFFFFFFFFFFFFFFF
FFFFFFFFFFFFFFFFFFFFFFFFF
NNNNNNNNNNNNNNNNNNNNNNNNN
EEEEEEEEEEEEEEEEEEEEEEESW
CCCCCCCCCCCCCCCCCCCCCCCCZ
GGGGGGGGGGGGGGGGGGGGGGGIX
PPPPPPPPPPPPPPPPPPPPPPPPP
LLLLLLLLLLLLLLLLLLLLYYYYA
TTTTTTTTTTTTTTTTTTTRRMJUU
OOOOOOOOOOOOOOOOOOOOOOOOO
QQQQQQQQQQQQQQQQQQQQQQHBB
VVVVVVVVVVVVVVVVVVVVVVVVD
KKKKKKKKKKKKKKKKKKKKKKKKK
KKKKKKKKKKKKKKKKKKKKKKKKK
KKKKKKKKKKKKKKKKKKKKKKKKK
Case #55:
AAAAAAAAAAAAAAACCCCCCCCCC
AAAAAAAAAAAAAAACCCCCCCCCC
AAAAAAAAAAAAAAACCCCCCCCCC
AAAAAAAAAAAAAAACCCCCCCCCC
AAAAAAAAAAAAAAACCCCCCCCCC
AAAAAAAAAAAAAAACCCCCCCCCC
AAAAAAAAAAAAAAACCCCCCCCCC
AAAAAAAAAAAAAAACCCCCCCCCC
AAAAAAAAAAAAAAACCCCCCCCCC
AAAAAAAAAAAAAAACCCCCCCCCC
EEEEEEEEEEEEEEEEEEEEEEEEE
EEEEEEEEEEEEEEEEEEEEEEEEE
EEEEEEEEEEEEEEEEEEEEEEEEE
EEEEEEEEEEEEEEEEEEEEEEEEE
BBBBBBBBBBBBBBBBDDDDDDDDD
BBBBBBBBBBBBBBBBDDDDDDDDD
BBBBBBBBBBBBBBBBDDDDDDDDD
BBBBBBBBBBBBBBBBDDDDDDDDD
BBBBBBBBBBBBBBBBDDDDDDDDD
BBBBBBBBBBBBBBBBDDDDDDDDD
BBBBBBBBBBBBBBBBDDDDDDDDD
BBBBBBBBBBBBBBBBDDDDDDDDD
BBBBBBBBBBBBBBBBDDDDDDDDD
BBBBBBBBBBBBBBBBDDDDDDDDD
BBBBBBBBBBBBBBBBDDDDDDDDD
Case #56:
CCCKKKGILEEEEEEBBMDHHAFFJ
Case #57:
AAAAAAABBBBBBBBBBBBBBBBBB
AAAAAAABBBBBBBBBBBBBBBBBB
AAAAAAABBBBBBBBBBBBBBBBBB
AAAAAAABBBBBBBBBBBBBBBBBB
AAAAAAABBBBBBBBBBBBBBBBBB
AAAAAAABBBBBBBBBBBBBBBBBB
CCCCCCCCCCCCCCCCCCCCCCCCC
DDDDDDDDDDDDDDDDDDDDDDDDD
EEEEEEEEEEEEEEEEEEEEEEEEE
EEEEEEEEEEEEEEEEEEEEEEEEE
EEEEEEEEEEEEEEEEEEEEEEEEE
EEEEEEEEEEEEEEEEEEEEEEEEE
EEEEEEEEEEEEEEEEEEEEEEEEE
EEEEEEEEEEEEEEEEEEEEEEEEE
EEEEEEEEEEEEEEEEEEEEEEEEE
EEEEEEEEEEEEEEEEEEEEEEEEE
EEEEEEEEEEEEEEEEEEEEEEEEE
EEEEEEEEEEEEEEEEEEEEEEEEE
EEEEEEEEEEEEEEEEEEEEEEEEE
EEEEEEEEEEEEEEEEEEEEEEEEE
EEEEEEEEEEEEEEEEEEEEEEEEE
EEEEEEEEEEEEEEEEEEEEEEEEE
EEEEEEEEEEEEEEEEEEEEEEEEE
EEEEEEEEEEEEEEEEEEEEEEEEE
EEEEEEEEEEEEEEEEEEEEEEEEE
Case #58:
B
A
Case #59:
AAAAAAAAAAABBBBBBBBBBBBBB
AAAAAAAAAAABBBBBBBBBBBBBB
AAAAAAAAAAABBBBBBBBBBBBBB
AAAAAAAAAAABBBBBBBBBBBBBB
AAAAAAAAAAABBBBBBBBBBBBBB
AAAAAAAAAAABBBBBBBBBBBBBB
AAAAAAAAAAABBBBBBBBBBBBBB
AAAAAAAAAAABBBBBBBBBBBBBB
CCCCCCCCCCCCCCCCCCCCCCCCC
DDDDDDDDDDDDDDDDDDDDDDDDD
EEEEEEEEEEEEEEEEEEEEEEEEE
EEEEEEEEEEEEEEEEEEEEEEEEE
EEEEEEEEEEEEEEEEEEEEEEEEE
EEEEEEEEEEEEEEEEEEEEEEEEE
EEEEEEEEEEEEEEEEEEEEEEEEE
FFFFFFFFFFFFFFFFFFFFFFHHH
JJJJJJJJJJJJJJJJJJJJJJJJJ
JJJJJJJJJJJJJJJJJJJJJJJJJ
JJJJJJJJJJJJJJJJJJJJJJJJJ
JJJJJJJJJJJJJJJJJJJJJJJJJ
GGGGGGGGGGGGGGGGGGGGGGGII
GGGGGGGGGGGGGGGGGGGGGGGII
GGGGGGGGGGGGGGGGGGGGGGGII
GGGGGGGGGGGGGGGGGGGGGGGII
GGGGGGGGGGGGGGGGGGGGGGGII
Case #60:
ABCDEFGHIJKLMNOPQRSTUVWXY
ABCDEFGHIJKLMNOPQRSTUVWXY
ABCDEFGHIJKLMNOPQRSTUVWXY
ABCDEFGHIJKLMNOPQRSTUVWXY
ABCDEFGHIJKLMNOPQRSTUVWXY
ABCDEFGHIJKLMNOPQRSTUVWXY
ABCDEFGHIJKLMNOPQRSTUVWXY
ABCDEFGHIJKLMNOPQRSTUVWXY
ABCDEFGHIJKLMNOPQRSTUVWXY
ABCDEFGHIJKLMNOPQRSTUVWXY
ABCDEFGHIJKLMNOPQRSTUVWXY
ABCDEFGHIJKLMNOPQRSTUVWXY
ABCDEFGHIJKLMNOPQRSTUVWXY
ABCDEFGHIJKLMNOPQRSTUVWXY
ABCDEFGHIJKLMNOPQRSTUVWXY
ABCDEFGHIJKLMNOPQRSTUVWXY
ABCDEFGHIJKLMNOPQRSTUVWXY
ABCDEFGHIJKLMNOPQRSTUVWXY
ABCDEFGHIJKLMNOPQRSTUVWXY
ABCDEFGHIJKLMNOPQRSTUVWXY
ABCDEFGHIJKLMNOPQRSTUVWXY
ABCDEFGHIJKLMNOPQRSTUVWXY
ABCDEFGHIJKLMNOPQRSTUVWXY
ABCDEFGHIJKLMNOPQRSTUVWXY
ABCDEFGHIJKLMNOPQRSTUVWXY
Case #61:
QQQQQQQQQQQQQQZZZZZZZZZZZ
QQQQQQQQQQQQQQZZZZZZZZZZZ
AAAAAAAAAAAAAAAGGBBBBBBBB
RRRRRRRRRRRRRRRRRRRRRRRRR
YYYYYYYYYYYYYDDDDDDDDDDDD
FFFFFFFFFFFFEEEECCTTTTTTT
VVVVVVVVVVVVLLLLLLKKKKKKK
VVVVVVVVVVVVLLLLLLKKKKKKK
VVVVVVVVVVVVLLLLLLKKKKKKK
XXXXXXXXXXXXXXXIIPPPPPPPP
NNNNNNNNNNNNNNHOOOOOOOOOO
UUUUUUUUUUUUUUUWWWWWWWWWW
MMMMMMMMMMMMMJJJJJJJJJJJJ
SSSSSSSSSSSSSSSSSSSSSSSSS
SSSSSSSSSSSSSSSSSSSSSSSSS
SSSSSSSSSSSSSSSSSSSSSSSSS
SSSSSSSSSSSSSSSSSSSSSSSSS
SSSSSSSSSSSSSSSSSSSSSSSSS
SSSSSSSSSSSSSSSSSSSSSSSSS
SSSSSSSSSSSSSSSSSSSSSSSSS
SSSSSSSSSSSSSSSSSSSSSSSSS
SSSSSSSSSSSSSSSSSSSSSSSSS
SSSSSSSSSSSSSSSSSSSSSSSSS
SSSSSSSSSSSSSSSSSSSSSSSSS
SSSSSSSSSSSSSSSSSSSSSSSSS
Case #62:
AAAAAAAAAAAAAAAAAAAAAAAAA
BBBBBBBBBBBBBBBBBBBBBBBBB
CCCCCCCCCCCCCCCCCCCCCCCCC
DDDDDDDDDDDDDDDDDDDDDDDDD
EEEEEEEEEEEEEEEEEEEEEEEEE
FFFFFFFFFFFFFFFFFFFFFFFFF
GGGGGGGGGGGGGGGGGGGGGGGGG
HHHHHHHHHHHHHHHHHHHHHHHHH
IIIIIIIIIIIIIIIIIIIIIIIII
JJJJJJJJJJJJJJJJJJJJJJJJJ
KKKKKKKKKKKKKKKKKKKKKKKKK
LLLLLLLLLLLLLLLLLLLLLLLLL
MMMMMMMMMMMMMMMMMMMMMMMMM
NNNNNNNNNNNNNNNNNNNNNNNNN
OOOOOOOOOOOOOOOOOOOOOOOOO
PPPPPPPPPPPPPPPPPPPPPPPPP
QQQQQQQQQQQQQQQQQQQQQQQQQ
RRRRRRRRRRRRRRRRRRRRRRRRR
SSSSSSSSSSSSSSSSSSSSSSSSS
TTTTTTTTTTTTTTTTTTTTTTTTT
UUUUUUUUUUUUUUUUUUUUUUUUU
VVVVVVVVVVVVVVVVVVVVVVVVV
WWWWWWWWWWWWWWWWWWWWWWWWW
XXXXXXXXXXXXXXXXXXXXXXXXX
YYYYYYYYYYYYYYYYYYYYYYYYY
Case #63:
YYYYYYYYYXXXXXXXXXXXXXXXX
DDDDDDDDDDDDDDDDDDDDDDDDD
GGGGGLLLLLJJVVARRRRRRRRRR
SSSSSSSSSSSSSEEEEEEEEEEEE
PPPPPPNNNCCCCCCCCCCCCCCCC
TTTTTTTTTTTTTTTTTTTTTTTTT
OOOOOOOUUUUUUUBBBBBBBBBBB
OOOOOOOUUUUUUUBBBBBBBBBBB
ZZZZZZZZMKWIQQQQQQQQQQQQQ
FFFFFFFFFFFHHHHHHHHHHHHHH
FFFFFFFFFFFHHHHHHHHHHHHHH
FFFFFFFFFFFHHHHHHHHHHHHHH
FFFFFFFFFFFHHHHHHHHHHHHHH
FFFFFFFFFFFHHHHHHHHHHHHHH
FFFFFFFFFFFHHHHHHHHHHHHHH
FFFFFFFFFFFHHHHHHHHHHHHHH
FFFFFFFFFFFHHHHHHHHHHHHHH
FFFFFFFFFFFHHHHHHHHHHHHHH
FFFFFFFFFFFHHHHHHHHHHHHHH
FFFFFFFFFFFHHHHHHHHHHHHHH
FFFFFFFFFFFHHHHHHHHHHHHHH
FFFFFFFFFFFHHHHHHHHHHHHHH
FFFFFFFFFFFHHHHHHHHHHHHHH
FFFFFFFFFFFHHHHHHHHHHHHHH
FFFFFFFFFFFHHHHHHHHHHHHHH
Case #64:
AAAAAAAAAAAAAAAAAAAAAAAAA
BBBBBBBBBBBBBBBBBBBBBBBBB
CCCCCCCCCCCCCCCCCCCCCCCCC
DDDDDDDDDDDDDDDDDDDDDDDDD
EEEEEEEEEEEEEEEEEEEEEEEEE
FFFFFFFFFFFFFFFFFFFFFFFFF
GGGGGGGGGGGGGGGGGGGGGGGGG
HHHHHHHHHHHHHHHHHHHHHHHHH
IIIIIIIIIIIIIIIIIIIIIIIII
JJJJJJJJJJJJJJJJJJJJJJJJJ
KKKKKKKKKKKKKKKKKKKKKKKKK
LLLLLLLLLLLLLLLLLLLLLLLLL
MMMMMMMMMMMMMMMMMMMMMMMMM
NNNNNNNNNNNNNNNNNNNNNNNNN
OOOOOOOOOOOOOOOOOOOOOOOOO
PPPPPPPPPPPPPPPPPPPPPPPPP
QQQQQQQQQQQQQQQQQQQQQQQQQ
RRRRRRRRRRRRRRRRRRRRRRRRR
SSSSSSSSSSSSSSSSSSSSSSSSS
TTTTTTTTTTTTTTTTTTTTTTTTT
UUUUUUUUUUUUUUUUUUUUUUUUU
VVVVVVVVVVVVVVVVVVVVVVVVV
WWWWWWWWWWWWWWWWWWWWWWWWW
XXXXXXXXXXXXXXXXXXXXXXXXX
YYYYYYYYYYYYYYYYYYYYYYYYY
Case #65:
AAAAAAAAABBBBBBBBBBBBBBBB
CCCCCCCCCCCCCCCCCCCCCCCCC
DDDDDDDDDDDDDDDDDDDDDDDDD
EEEEEEEEEEEEEEEEEEEEEEEEE
EEEEEEEEEEEEEEEEEEEEEEEEE
EEEEEEEEEEEEEEEEEEEEEEEEE
EEEEEEEEEEEEEEEEEEEEEEEEE
EEEEEEEEEEEEEEEEEEEEEEEEE
EEEEEEEEEEEEEEEEEEEEEEEEE
EEEEEEEEEEEEEEEEEEEEEEEEE
EEEEEEEEEEEEEEEEEEEEEEEEE
EEEEEEEEEEEEEEEEEEEEEEEEE
EEEEEEEEEEEEEEEEEEEEEEEEE
EEEEEEEEEEEEEEEEEEEEEEEEE
EEEEEEEEEEEEEEEEEEEEEEEEE
FFFFFFFFFFFFFFFFFHHHHHHHH
JJJJJJJJJJJJJJJJJJJJJJJJJ
JJJJJJJJJJJJJJJJJJJJJJJJJ
JJJJJJJJJJJJJJJJJJJJJJJJJ
JJJJJJJJJJJJJJJJJJJJJJJJJ
GGGGGGGGGGGGGGGGGGIIIIIII
GGGGGGGGGGGGGGGGGGIIIIIII
GGGGGGGGGGGGGGGGGGIIIIIII
GGGGGGGGGGGGGGGGGGIIIIIII
GGGGGGGGGGGGGGGGGGIIIIIII
Case #66:
ACCCCCCCCCCCCCCCCCCCCCCCC
ACCCCCCCCCCCCCCCCCCCCCCCC
ACCCCCCCCCCCCCCCCCCCCCCCC
ACCCCCCCCCCCCCCCCCCCCCCCC
ACCCCCCCCCCCCCCCCCCCCCCCC
ACCCCCCCCCCCCCCCCCCCCCCCC
ACCCCCCCCCCCCCCCCCCCCCCCC
EEEEEEEEEEEEEEEEEEEEEEEEE
EEEEEEEEEEEEEEEEEEEEEEEEE
EEEEEEEEEEEEEEEEEEEEEEEEE
EEEEEEEEEEEEEEEEEEEEEEEEE
BBDDDDDDDDDDDDDDDDDDDDDDD
BBDDDDDDDDDDDDDDDDDDDDDDD
FFFFFFFFFFFFFFFFFFFGGGGGG
HHHHHHHHHHHHHHHHHHHHHHHHH
IIIIIIIIIIIIIIIIIIIIIIIII
JJJJJJJJJJJJJJJJJJJJJJJJJ
JJJJJJJJJJJJJJJJJJJJJJJJJ
JJJJJJJJJJJJJJJJJJJJJJJJJ
JJJJJJJJJJJJJJJJJJJJJJJJJ
JJJJJJJJJJJJJJJJJJJJJJJJJ
JJJJJJJJJJJJJJJJJJJJJJJJJ
JJJJJJJJJJJJJJJJJJJJJJJJJ
JJJJJJJJJJJJJJJJJJJJJJJJJ
JJJJJJJJJJJJJJJJJJJJJJJJJ
Case #67:
QQQQQQQQQQQQQQQQQQQDAAXXR
UUUUUUUUUUUUUUUUZZZZZOOOO
TTTTTTTTTTTFFMMKKKEEEEEEE
TTTTTTTTTTTFFMMKKKEEEEEEE
TTTTTTTTTTTFFMMKKKEEEEEEE
LLLLLLLLLLLLLLLLLYIIIICHH
JJJJJJJJJJJJJJJJJJJJJJJJJ
BBBBBBBBBBBBBBBBBBBBVVSSS
WWWWWWWWWWWWWWWWWWWWWWNNN
GGGGGGGGGGGGGGGGGGGGGPPPP
GGGGGGGGGGGGGGGGGGGGGPPPP
GGGGGGGGGGGGGGGGGGGGGPPPP
GGGGGGGGGGGGGGGGGGGGGPPPP
GGGGGGGGGGGGGGGGGGGGGPPPP
GGGGGGGGGGGGGGGGGGGGGPPPP
GGGGGGGGGGGGGGGGGGGGGPPPP
GGGGGGGGGGGGGGGGGGGGGPPPP
GGGGGGGGGGGGGGGGGGGGGPPPP
GGGGGGGGGGGGGGGGGGGGGPPPP
GGGGGGGGGGGGGGGGGGGGGPPPP
GGGGGGGGGGGGGGGGGGGGGPPPP
GGGGGGGGGGGGGGGGGGGGGPPPP
GGGGGGGGGGGGGGGGGGGGGPPPP
GGGGGGGGGGGGGGGGGGGGGPPPP
GGGGGGGGGGGGGGGGGGGGGPPPP
Case #68:
RRRRRRRRRRRCCCCCCCCCCCCCC
RRRRRRRRRRRCCCCCCCCCCCCCC
RRRRRRRRRRRCCCCCCCCCCCCCC
ZZZZZZZZZZZZZZZZZZZZZZZAA
JJJJJJJJJJJJJJJJJJJJJJJJJ
OOOOOOOOOOOOOOOOOOOOOOOOO
QQQQQQQQQQQQQQQQQQQQQQQQQ
VVVVVVVVVVVVVVVVVVVVVVVVV
TTTTTTTTTTTTTTTTTTTTTTTTT
TTTTTTTTTTTTTTTTTTTTTTTTT
TTTTTTTTTTTTTTTTTTTTTTTTT
TTTTTTTTTTTTTTTTTTTTTTTTT
MMMMMMMMMMMMMMNNNNNNNWWWW
MMMMMMMMMMMMMMNNNNNNNWWWW
LLLLLLLLLLLLLLLLLLLLLLLLL
KKKKKKKKKKKKKKKKKKKKKKKKK
UUUUUUUUUUUUUUUUUUUUUUUBB
IIIIIIIIIIIIIIIIIIIIIIIII
HHHHHHDDDDDDDDDDDDDDDSSSS
PPPPPPPPPPPPPPPPPPPPPPPPP
PPPPPPPPPPPPPPPPPPPPPPPPP
YYYYYYYYYYYYYYYYYYYYYYYYY
GGGGGGGGGGGGGGGGGGGGGGEEE
FFFFFFFFFFFFFFFFFFFFFFFFF
XXXXXXXXXXXXXXXXXXXXXXXXX
Case #69:
DA
CB
Case #70:
ABCDEFGHIJKLMNOPQRSTUVWXY
ABCDEFGHIJKLMNOPQRSTUVWXY
ABCDEFGHIJKLMNOPQRSTUVWXY
ABCDEFGHIJKLMNOPQRSTUVWXY
ABCDEFGHIJKLMNOPQRSTUVWXY
ABCDEFGHIJKLMNOPQRSTUVWXY
ABCDEFGHIJKLMNOPQRSTUVWXY
ABCDEFGHIJKLMNOPQRSTUVWXY
ABCDEFGHIJKLMNOPQRSTUVWXY
ABCDEFGHIJKLMNOPQRSTUVWXY
ABCDEFGHIJKLMNOPQRSTUVWXY
ABCDEFGHIJKLMNOPQRSTUVWXY
ABCDEFGHIJKLMNOPQRSTUVWXY
ABCDEFGHIJKLMNOPQRSTUVWXY
ABCDEFGHIJKLMNOPQRSTUVWXY
ABCDEFGHIJKLMNOPQRSTUVWXY
ABCDEFGHIJKLMNOPQRSTUVWXY
ABCDEFGHIJKLMNOPQRSTUVWXY
ABCDEFGHIJKLMNOPQRSTUVWXY
ABCDEFGHIJKLMNOPQRSTUVWXY
ABCDEFGHIJKLMNOPQRSTUVWXY
ABCDEFGHIJKLMNOPQRSTUVWXY
ABCDEFGHIJKLMNOPQRSTUVWXY
ABCDEFGHIJKLMNOPQRSTUVWXY
ABCDEFGHIJKLMNOPQRSTUVWXY
Case #71:
OOOOOOOOOOOOOOOOOOOOOOONN
ZZZZZZZZZZZZZZZZZZZFFFFFF
DDDDDDDDDDDDDDDDDDDDDDDDD
YYYYYYYYYYYYYYYYYYYYYYYYY
JJJJJJJJJJJJJJJJJJJJJPPPP
AAAAAAAAAAAAAAAAAAAAAAAAA
TTTTTTTTTTTGGGGGGGGGGGGGG
TTTTTTTTTTTGGGGGGGGGGGGGG
BBBBBBBBBBBBBBBBBBBBBBBBB
BBBBBBBBBBBBBBBBBBBBBBBBB
BBBBBBBBBBBBBBBBBBBBBBBBB
SSSSSSSSSSSSSSSSSSSSSSSSS
RRRRRRRRRRRRRRRRRRRRRRRRR
IIIIIIIIIIIIIIIMMMMMMMMMM
KKKKKKKKKKKKKKKKKKKKKKKKK
KKKKKKKKKKKKKKKKKKKKKKKKK
HHHHHHHHHUUUUUUUUUUUUUUUU
HHHHHHHHHUUUUUUUUUUUUUUUU
LLLLLLLLLLLLLLLLLLLLLLVVE
LLLLLLLLLLLLLLLLLLLLLLVVE
XXXXXXXXXQQQQQQQQQQQQWWWW
XXXXXXXXXQQQQQQQQQQQQWWWW
CCCCCCCCCCCCCCCCCCCCCCCCC
CCCCCCCCCCCCCCCCCCCCCCCCC
CCCCCCCCCCCCCCCCCCCCCCCCC
Case #72:
ABCDEFGHIJKLMNOPQRSTUVWXY
ABCDEFGHIJKLMNOPQRSTUVWXY
ABCDEFGHIJKLMNOPQRSTUVWXY
ABCDEFGHIJKLMNOPQRSTUVWXY
ABCDEFGHIJKLMNOPQRSTUVWXY
ABCDEFGHIJKLMNOPQRSTUVWXY
ABCDEFGHIJKLMNOPQRSTUVWXY
ABCDEFGHIJKLMNOPQRSTUVWXY
ABCDEFGHIJKLMNOPQRSTUVWXY
ABCDEFGHIJKLMNOPQRSTUVWXY
ABCDEFGHIJKLMNOPQRSTUVWXY
ABCDEFGHIJKLMNOPQRSTUVWXY
ABCDEFGHIJKLMNOPQRSTUVWXY
ABCDEFGHIJKLMNOPQRSTUVWXY
ABCDEFGHIJKLMNOPQRSTUVWXY
ABCDEFGHIJKLMNOPQRSTUVWXY
ABCDEFGHIJKLMNOPQRSTUVWXY
ABCDEFGHIJKLMNOPQRSTUVWXY
ABCDEFGHIJKLMNOPQRSTUVWXY
ABCDEFGHIJKLMNOPQRSTUVWXY
ABCDEFGHIJKLMNOPQRSTUVWXY
ABCDEFGHIJKLMNOPQRSTUVWXY
ABCDEFGHIJKLMNOPQRSTUVWXY
ABCDEFGHIJKLMNOPQRSTUVWXY
ABCDEFGHIJKLMNOPQRSTUVWXY
Case #73:
AA
AA
Case #74:
ABCDEFGHIJKLMNOPQRSTUVWXY
ABCDEFGHIJKLMNOPQRSTUVWXY
ABCDEFGHIJKLMNOPQRSTUVWXY
ABCDEFGHIJKLMNOPQRSTUVWXY
ABCDEFGHIJKLMNOPQRSTUVWXY
ABCDEFGHIJKLMNOPQRSTUVWXY
ABCDEFGHIJKLMNOPQRSTUVWXY
ABCDEFGHIJKLMNOPQRSTUVWXY
ABCDEFGHIJKLMNOPQRSTUVWXY
ABCDEFGHIJKLMNOPQRSTUVWXY
ABCDEFGHIJKLMNOPQRSTUVWXY
ABCDEFGHIJKLMNOPQRSTUVWXY
ABCDEFGHIJKLMNOPQRSTUVWXY
ABCDEFGHIJKLMNOPQRSTUVWXY
ABCDEFGHIJKLMNOPQRSTUVWXY
ABCDEFGHIJKLMNOPQRSTUVWXY
ABCDEFGHIJKLMNOPQRSTUVWXY
ABCDEFGHIJKLMNOPQRSTUVWXY
ABCDEFGHIJKLMNOPQRSTUVWXY
ABCDEFGHIJKLMNOPQRSTUVWXY
ABCDEFGHIJKLMNOPQRSTUVWXY
ABCDEFGHIJKLMNOPQRSTUVWXY
ABCDEFGHIJKLMNOPQRSTUVWXY
ABCDEFGHIJKLMNOPQRSTUVWXY
ABCDEFGHIJKLMNOPQRSTUVWXY
Case #75:
TTTTTTTTTTTTTTTTTTTTTTTTT
TTTTTTTTTTTTTTTTTTTTTTTTT
TTTTTTTTTTTTTTTTTTTTTTTTT
TTTTTTTTTTTTTTTTTTTTTTTTT
TTTTTTTTTTTTTTTTTTTTTTTTT
TTTTTTTTTTTTTTTTTTTTTTTTT
TTTTTTTTTTTTTTTTTTTTTTTTT
TTTTTTTTTTTTTTTTTTTTTTTTT
TTTTTTTTTTTTTTTTTTTTTTTTT
TTTTTTTTTTTTTTTTTTTTTTTTT
TTTTTTTTTTTTTTTTTTTTTTTTT
TTTTTTTTTTTTTTTTTTTTTTTTT
TTTTTTTTTTTTTTTTTTTTTTTTT
TTTTTTTTTTTTTTTTTTTTTTTTT
XXXXXXXXNNNCCCCCCCCCCCCCC
QQQQQQQIIIYYYYYYYYYYYYYYY
SSSSSSSSSSSDDDDDDDDDDDDDD
EEEEEEJJHMMMWBUUUUUUUUUUU
FFFFFFKKKKAAAAAAAAAAAAAAA
VVVVVVVVVOLLLLLLLLLLLLLLL
PPPPPPPPPGGZZZZZZZZZZZZZZ
PPPPPPPPPGGZZZZZZZZZZZZZZ
RRRRRRRRRRRRRRRRRRRRRRRRR
RRRRRRRRRRRRRRRRRRRRRRRRR
RRRRRRRRRRRRRRRRRRRRRRRRR
Case #76:
ABCDEFGHIJKLMNOPQRSTUVWXY
ABCDEFGHIJKLMNOPQRSTUVWXY
ABCDEFGHIJKLMNOPQRSTUVWXY
ABCDEFGHIJKLMNOPQRSTUVWXY
ABCDEFGHIJKLMNOPQRSTUVWXY
ABCDEFGHIJKLMNOPQRSTUVWXY
ABCDEFGHIJKLMNOPQRSTUVWXY
ABCDEFGHIJKLMNOPQRSTUVWXY
ABCDEFGHIJKLMNOPQRSTUVWXY
ABCDEFGHIJKLMNOPQRSTUVWXY
ABCDEFGHIJKLMNOPQRSTUVWXY
ABCDEFGHIJKLMNOPQRSTUVWXY
ABCDEFGHIJKLMNOPQRSTUVWXY
ABCDEFGHIJKLMNOPQRSTUVWXY
ABCDEFGHIJKLMNOPQRSTUVWXY
ABCDEFGHIJKLMNOPQRSTUVWXY
ABCDEFGHIJKLMNOPQRSTUVWXY
ABCDEFGHIJKLMNOPQRSTUVWXY
ABCDEFGHIJKLMNOPQRSTUVWXY
ABCDEFGHIJKLMNOPQRSTUVWXY
ABCDEFGHIJKLMNOPQRSTUVWXY
ABCDEFGHIJKLMNOPQRSTUVWXY
ABCDEFGHIJKLMNOPQRSTUVWXY
ABCDEFGHIJKLMNOPQRSTUVWXY
ABCDEFGHIJKLMNOPQRSTUVWXY
Case #77:
KKKKKKKKKKKKKKKKKKKKKKKKK
KKKKKKKKKKKKKKKKKKKKKKKKK
KKKKKKKKKKKKKKKKKKKKKKKKK
KKKKKKKKKKKKKKKKKKKKKKKKK
KKKKKKKKKKKKKKKKKKKKKKKKK
KKKKKKKKKKKKKKKKKKKKKKKKK
KKKKKKKKKKKKKKKKKKKKKKKKK
KKKKKKKKKKKKKKKKKKKKKKKKK
KKKKKKKKKKKKKKKKKKKKKKKKK
KKKKKKKKKKKKKKKKKKKKKKKKK
KKKKKKKKKKKKKKKKKKKKKKKKK
KKKKKKKKKKKKKKKKKKKKKKKKK
KKKKKKKKKKKKKKKKKKKKKKKKK
KKKKKKKKKKKKKKKKKKKKKKKKK
KKKKKKKKKKKKKKKKKKKKKKKKK
MMMMMMMMMMMMMMMMMMMMMMMMM
NNNNNNNNNNNNNNNNUUUUUUUUU
YYYYYYYYYYYYYYYYYYYADDIII
LLLLLLLLLLLLLLLLLLLLLLLLL
PPPPPPPPPPPPPPPPPPPPPHHHH
ZZZZZZZZZZZZZZZZZZZWWWTCX
VVVVVVVVVVVVVVVVVVVREEEQQ
SSSSSSSSSSSSSSSSSSSBBOFFF
JJJJJJJJJJJJJJJJJJJJJJJJJ
GGGGGGGGGGGGGGGGGGGGGGGGG
Case #78:
AB
CC
Case #79:
FFF
FFF
CCA
EBD
Case #80:
M
M
G
G
E
E
E
L
L
H
C
I
I
I
I
I
K
K
K
F
J
J
D
A
B
Case #81:
OOOOOC
OOOOOC
QQQQNG
DDDKPE
IIFRLJ
BBBAHM
Case #82:
AAAAAAAAAAABBBBBBBBBBBBBB
AAAAAAAAAAABBBBBBBBBBBBBB
AAAAAAAAAAABBBBBBBBBBBBBB
AAAAAAAAAAABBBBBBBBBBBBBB
AAAAAAAAAAABBBBBBBBBBBBBB
AAAAAAAAAAABBBBBBBBBBBBBB
AAAAAAAAAAABBBBBBBBBBBBBB
AAAAAAAAAAABBBBBBBBBBBBBB
AAAAAAAAAAABBBBBBBBBBBBBB
AAAAAAAAAAABBBBBBBBBBBBBB
AAAAAAAAAAABBBBBBBBBBBBBB
AAAAAAAAAAABBBBBBBBBBBBBB
CCCCCCCCCCCCCCCCCCCCCCCCC
DDDDDDDDDDDDDDDDDDDDDDDDD
EEEEEEEEEEEEEEEEEEEEEEEEE
EEEEEEEEEEEEEEEEEEEEEEEEE
EEEEEEEEEEEEEEEEEEEEEEEEE
EEEEEEEEEEEEEEEEEEEEEEEEE
EEEEEEEEEEEEEEEEEEEEEEEEE
EEEEEEEEEEEEEEEEEEEEEEEEE
EEEEEEEEEEEEEEEEEEEEEEEEE
EEEEEEEEEEEEEEEEEEEEEEEEE
EEEEEEEEEEEEEEEEEEEEEEEEE
EEEEEEEEEEEEEEEEEEEEEEEEE
EEEEEEEEEEEEEEEEEEEEEEEEE
Case #83:
BBBB
BBBB
BBBB
AAAD
HHEF
GGGC
Case #84:
ABCDEFGHIJKLMNOPQRSTUVWXY
ABCDEFGHIJKLMNOPQRSTUVWXY
ABCDEFGHIJKLMNOPQRSTUVWXY
ABCDEFGHIJKLMNOPQRSTUVWXY
ABCDEFGHIJKLMNOPQRSTUVWXY
ABCDEFGHIJKLMNOPQRSTUVWXY
ABCDEFGHIJKLMNOPQRSTUVWXY
ABCDEFGHIJKLMNOPQRSTUVWXY
ABCDEFGHIJKLMNOPQRSTUVWXY
ABCDEFGHIJKLMNOPQRSTUVWXY
ABCDEFGHIJKLMNOPQRSTUVWXY
ABCDEFGHIJKLMNOPQRSTUVWXY
ABCDEFGHIJKLMNOPQRSTUVWXY
ABCDEFGHIJKLMNOPQRSTUVWXY
ABCDEFGHIJKLMNOPQRSTUVWXY
ABCDEFGHIJKLMNOPQRSTUVWXY
ABCDEFGHIJKLMNOPQRSTUVWXY
ABCDEFGHIJKLMNOPQRSTUVWXY
ABCDEFGHIJKLMNOPQRSTUVWXY
ABCDEFGHIJKLMNOPQRSTUVWXY
ABCDEFGHIJKLMNOPQRSTUVWXY
ABCDEFGHIJKLMNOPQRSTUVWXY
ABCDEFGHIJKLMNOPQRSTUVWXY
ABCDEFGHIJKLMNOPQRSTUVWXY
ABCDEFGHIJKLMNOPQRSTUVWXY
Case #85:
MMMMMMMMMMMMMMMRRRRRRRRRR
MMMMMMMMMMMMMMMRRRRRRRRRR
JJJJJJJJJJJJJCCCCCCCCCCCC
JJJJJJJJJJJJJCCCCCCCCCCCC
SSSSSSSSSSSSSSSSSSSSSSSLL
SSSSSSSSSSSSSSSSSSSSSSSLL
KKKKKKKKKKKKKKKKKKKKKKKKK
KKKKKKKKKKKKKKKKKKKKKKKKK
IIIIIIIIIIIIIIIIIIIIIIIII
UUUUUUUFFFFFFFFVVVVVVVVVV
GGGGGGGGGGGGGGGGGGGGGGGGG
GGGGGGGGGGGGGGGGGGGGGGGGG
OOOOOOOOPPPPPPPPPAAAAAAAA
OOOOOOOOPPPPPPPPPAAAAAAAA
XXXXXXXXXXXXXXXXXXXYYYYYY
XXXXXXXXXXXXXXXXXXXYYYYYY
WWWWWWWWWWWWWWWWWWWWWWWWW
TTTTTTTTDDDDDDDDDDDDDDDDD
QQQQQQQQQQQQQQQQQQQQZZZEE
QQQQQQQQQQQQQQQQQQQQZZZEE
BBBBBBBBBBBBBBBBBBBBBBBBB
NNNNNNNNNNNNNNNNNNNNNNNNN
HHHHHHHHHHHHHHHHHHHHHHHHH
HHHHHHHHHHHHHHHHHHHHHHHHH
HHHHHHHHHHHHHHHHHHHHHHHHH
Case #86:
AAAAAAAAACCCCCCCCCCCCCCCC
AAAAAAAAACCCCCCCCCCCCCCCC
AAAAAAAAACCCCCCCCCCCCCCCC
AAAAAAAAACCCCCCCCCCCCCCCC
AAAAAAAAACCCCCCCCCCCCCCCC
AAAAAAAAACCCCCCCCCCCCCCCC
AAAAAAAAACCCCCCCCCCCCCCCC
AAAAAAAAACCCCCCCCCCCCCCCC
AAAAAAAAACCCCCCCCCCCCCCCC
AAAAAAAAACCCCCCCCCCCCCCCC
AAAAAAAAACCCCCCCCCCCCCCCC
AAAAAAAAACCCCCCCCCCCCCCCC
AAAAAAAAACCCCCCCCCCCCCCCC
AAAAAAAAACCCCCCCCCCCCCCCC
AAAAAAAAACCCCCCCCCCCCCCCC
AAAAAAAAACCCCCCCCCCCCCCCC
EEEEEEEEEEEEEEEEEEEEEEEEE
EEEEEEEEEEEEEEEEEEEEEEEEE
EEEEEEEEEEEEEEEEEEEEEEEEE
EEEEEEEEEEEEEEEEEEEEEEEEE
BBBBBBBBBBDDDDDDDDDDDDDDD
BBBBBBBBBBDDDDDDDDDDDDDDD
BBBBBBBBBBDDDDDDDDDDDDDDD
BBBBBBBBBBDDDDDDDDDDDDDDD
BBBBBBBBBBDDDDDDDDDDDDDDD
Case #87:
RRRRRRRRRRRRRRRRRRRRRRRRR
RRRRRRRRRRRRRRRRRRRRRRRRR
RRRRRRRRRRRRRRRRRRRRRRRRR
RRRRRRRRRRRRRRRRRRRRRRRRR
NNNNNNNNNNWWWWWWWWWWWWWWW
BBBBBBBBBBBBBBBBBBBBBBBQQ
BBBBBBBBBBBBBBBBBBBBBBBQQ
BBBBBBBBBBBBBBBBBBBBBBBQQ
GGGGGGGGGGGGGGGGGGYYYYYYY
OOOOOOOOOOOOOOOOOOOOOOOOO
IIIIIIIIIIIIIIIIIIIEEFFFF
IIIIIIIIIIIIIIIIIIIEEFFFF
IIIIIIIIIIIIIIIIIIIEEFFFF
AAAAAAAAAAAAAAAAATTTTTTTU
AAAAAAAAAAAAAAAAATTTTTTTU
AAAAAAAAAAAAAAAAATTTTTTTU
VVVVVVVVVVVVVVVVVVVVVVPPP
HHHHHHHHHHHHHHHHHHHHHHHHH
HHHHHHHHHHHHHHHHHHHHHHHHH
HHHHHHHHHHHHHHHHHHHHHHHHH
DDDDDXXXXXXXXXXXXXXXXXXXX
SSSSSSSSSSSSLLLLLLLLLLLLL
CCCCCCCCCCCCCCCCCCCCCJMMM
ZZZZZZZZZZZZZZZZZZZZZZKKK
ZZZZZZZZZZZZZZZZZZZZZZKKK
Case #88:
AAACCCCCCCCCCCCCCCCCCCCCC
AAACCCCCCCCCCCCCCCCCCCCCC
AAACCCCCCCCCCCCCCCCCCCCCC
AAACCCCCCCCCCCCCCCCCCCCCC
AAACCCCCCCCCCCCCCCCCCCCCC
AAACCCCCCCCCCCCCCCCCCCCCC
AAACCCCCCCCCCCCCCCCCCCCCC
EEEEEEEEEEEEEEEEEEEEEEEEE
EEEEEEEEEEEEEEEEEEEEEEEEE
EEEEEEEEEEEEEEEEEEEEEEEEE
EEEEEEEEEEEEEEEEEEEEEEEEE
BBBBDDDDDDDDDDDDDDDDDDDDD
BBBBDDDDDDDDDDDDDDDDDDDDD
BBBBDDDDDDDDDDDDDDDDDDDDD
BBBBDDDDDDDDDDDDDDDDDDDDD
FFFFFFFFFFFFFFFFFFFFFGGGG
HHHHHHHHHHHHHHHHHHHHHHHHH
IIIIIIIIIIIIIIIIIIIIIIIII
JJJJJJJJJJJJJJJJJJJJJJJJJ
JJJJJJJJJJJJJJJJJJJJJJJJJ
JJJJJJJJJJJJJJJJJJJJJJJJJ
JJJJJJJJJJJJJJJJJJJJJJJJJ
JJJJJJJJJJJJJJJJJJJJJJJJJ
JJJJJJJJJJJJJJJJJJJJJJJJJ
JJJJJJJJJJJJJJJJJJJJJJJJJ
Case #89:
RRRRRRRRRRRRRRRRRRRRRRRRR
VVVVVVVVVVVVVVVVVVVVVLLLL
VVVVVVVVVVVVVVVVVVVVVLLLL
XXXXXXXXXXXXXXXXXXXXXXXXM
KKKKKKKKKKKKKKKKKKKKTTTTT
KKKKKKKKKKKKKKKKKKKKTTTTT
KKKKKKKKKKKKKKKKKKKKTTTTT
NNNNNNNNNNNNSSSSSSSSSSSSS
AAAAAAAAAAAAAAAAAAAAAIIII
AAAAAAAAAAAAAAAAAAAAAIIII
HHHHHHHHHHHHHHHHHHHHHHHHH
CCCCCCCWWWWWOOOOOOOOOOOOO
CCCCCCCWWWWWOOOOOOOOOOOOO
CCCCCCCWWWWWOOOOOOOOOOOOO
CCCCCCCWWWWWOOOOOOOOOOOOO
CCCCCCCWWWWWOOOOOOOOOOOOO
QQQQQQQQQQQQQQQQQQQQQQQQQ
DDDDDDDDDDDDDDDDDDDDDDJJJ
DDDDDDDDDDDDDDDDDDDDDDJJJ
UUUUUUUUUUUUUUUUUUUUUUUUU
PPPPPPPPPPPPPPPPPPPPPPPPB
ZZZZZZZZZZZZZZZZZZZZZZZZZ
YYYYYYYYYYYYEEEEEEEEEEEEE
FFFFFFFFFFFFFFFFFFFFFFFFF
GGGGGGGGGGGGGGGGGGGGGGGGG
Case #90:
AHIIIIIIIIIIIIIIIIIIIIIII
AHIIIIIIIIIIIIIIIIIIIIIII
AHIIIIIIIIIIIIIIIIIIIIIII
AHIIIIIIIIIIIIIIIIIIIIIII
AHIIIIIIIIIIIIIIIIIIIIIII
AHIIIIIIIIIIIIIIIIIIIIIII
AHIIIIIIIIIIIIIIIIIIIIIII
AHIIIIIIIIIIIIIIIIIIIIIII
AHIIIIIIIIIIIIIIIIIIIIIII
AHIIIIIIIIIIIIIIIIIIIIIII
AHIIIIIIIIIIIIIIIIIIIIIII
AHIIIIIIIIIIIIIIIIIIIIIII
AHIIIIIIIIIIIIIIIIIIIIIII
AHIIIIIIIIIIIIIIIIIIIIIII
AHIIIIIIIIIIIIIIIIIIIIIII
AHIIIIIIIIIIIIIIIIIIIIIII
AHIIIIIIIIIIIIIIIIIIIIIII
AHIIIIIIIIIIIIIIIIIIIIIII
FFLZZZZZZZZZZZZZZZZZZZZZZ
BWWWWWWWWWWWWWWWWWWWWWWWW
UUYMMMMMMMMMMMMMMMMMMMMMM
JGGGGDDDDDDDDDDDDDDDDDDDD
CCCCCSEEEEEEEEEEEEEEEEEEE
VRRRNNTTQQQQQQQQQQQQQQQQQ
PPPPPPXOOKKKKKKKKKKKKKKKK
Case #91:
AAAAAAAACCCCCCCCCCCCCCCCC
AAAAAAAACCCCCCCCCCCCCCCCC
AAAAAAAACCCCCCCCCCCCCCCCC
AAAAAAAACCCCCCCCCCCCCCCCC
AAAAAAAACCCCCCCCCCCCCCCCC
AAAAAAAACCCCCCCCCCCCCCCCC
AAAAAAAACCCCCCCCCCCCCCCCC
EEEEEEEEEEEEEEEEEEEEEEEEE
EEEEEEEEEEEEEEEEEEEEEEEEE
EEEEEEEEEEEEEEEEEEEEEEEEE
EEEEEEEEEEEEEEEEEEEEEEEEE
BBBBBBBBBDDDDDDDDDDDDDDDD
BBBBBBBBBDDDDDDDDDDDDDDDD
BBBBBBBBBDDDDDDDDDDDDDDDD
BBBBBBBBBDDDDDDDDDDDDDDDD
BBBBBBBBBDDDDDDDDDDDDDDDD
BBBBBBBBBDDDDDDDDDDDDDDDD
BBBBBBBBBDDDDDDDDDDDDDDDD
BBBBBBBBBDDDDDDDDDDDDDDDD
BBBBBBBBBDDDDDDDDDDDDDDDD
BBBBBBBBBDDDDDDDDDDDDDDDD
BBBBBBBBBDDDDDDDDDDDDDDDD
BBBBBBBBBDDDDDDDDDDDDDDDD
BBBBBBBBBDDDDDDDDDDDDDDDD
BBBBBBBBBDDDDDDDDDDDDDDDD
Case #92:
RRRRRRRRRRRKKKEEEEEEEPPPP
RRRRRRRRRRRKKKEEEEEEEPPPP
RRRRRRRRRRRKKKEEEEEEEPPPP
RRRRRRRRRRRKKKEEEEEEEPPPP
CCCCCCCCCCCCCBBBBBMMMMMMM
GGGGGGGGGGGGGGGGGGGGGGGGG
WWWWWWWWWWWWWWWWWWWWQUUUU
WWWWWWWWWWWWWWWWWWWWQUUUU
LLLLLLLLLLLLLLLLLLLLLLLLL
SSSSSSSSSSSSSSSSSIIIIIIII
JJJJJJJJJJJJYYYYYYYYYYYYY
VVVVVVVVVVVVVVVVVVVVVVVVV
FFFFFFFFFFFFFFFFFFFFFFFFF
NNNNNNNNNNNNNNNNNNNNNNNNN
NNNNNNNNNNNNNNNNNNNNNNNNN
XXXXXXXXXXXXXXXXXXXXXXTTT
DDDDDDDDDDDDDDDDDDDDDDDDD
DDDDDDDDDDDDDDDDDDDDDDDDD
DDDDDDDDDDDDDDDDDDDDDDDDD
HHHHHHHHHHHHHHHHHHHHHHHHH
HHHHHHHHHHHHHHHHHHHHHHHHH
AAAAAAAAAAAAAAAAAAAAAAAAA
AAAAAAAAAAAAAAAAAAAAAAAAA
AAAAAAAAAAAAAAAAAAAAAAAAA
ZZZZZZZZZZZZZZZZOOOOOOOOO
Case #93:
AAAAAAAAAAAAAAAAAAAAABBBB
AAAAAAAAAAAAAAAAAAAAABBBB
AAAAAAAAAAAAAAAAAAAAABBBB
AAAAAAAAAAAAAAAAAAAAABBBB
CCCCCCCCCCCCCCCCCCCCCCCCC
DDDDDDDDDDDDDDDDDDDDDDDDD
EEEEEEEEEEEEEEEEEEEEEEEEE
EEEEEEEEEEEEEEEEEEEEEEEEE
EEEEEEEEEEEEEEEEEEEEEEEEE
EEEEEEEEEEEEEEEEEEEEEEEEE
EEEEEEEEEEEEEEEEEEEEEEEEE
EEEEEEEEEEEEEEEEEEEEEEEEE
EEEEEEEEEEEEEEEEEEEEEEEEE
EEEEEEEEEEEEEEEEEEEEEEEEE
EEEEEEEEEEEEEEEEEEEEEEEEE
EEEEEEEEEEEEEEEEEEEEEEEEE
EEEEEEEEEEEEEEEEEEEEEEEEE
EEEEEEEEEEEEEEEEEEEEEEEEE
EEEEEEEEEEEEEEEEEEEEEEEEE
EEEEEEEEEEEEEEEEEEEEEEEEE
EEEEEEEEEEEEEEEEEEEEEEEEE
EEEEEEEEEEEEEEEEEEEEEEEEE
EEEEEEEEEEEEEEEEEEEEEEEEE
EEEEEEEEEEEEEEEEEEEEEEEEE
EEEEEEEEEEEEEEEEEEEEEEEEE
Case #94:
LLLLLLLLLLLLLLLLLLLLLLLLL
LLLLLLLLLLLLLLLLLLLLLLLLL
QQQQQYYYYYFFFFFFFFFFFFFFF
XXXXXXXXXXXXXXXXXXXXXGGGG
XXXXXXXXXXXXXXXXXXXXXGGGG
BBBBBBBBBBBBBBBBBBBBBBBBB
SSSSSSSSSSSSSSSSSSSSSSSSS
AAAAAAAAAAAAAAAAAAAAAAAAA
AAAAAAAAAAAAAAAAAAAAAAAAA
NNNNNNNNNNNNNNNNNNVVVVVVV
MMMMMMMMMMMMMMMMMMMMMMMMM
KKKKKKKKKKKKKKKKKKKKKKKKK
EEEEEEEEEEEEEEEEEEEEEEEEE
JJJJJJJJJJJJDDDDDDDDDDDDD
RRRRRRRRRRRRRRRRRRRRRRRRR
HHHHHHHHHHHHHHHHHHHHHHHHH
UUUUUUUUUUUUUUUUUUUUUUUUU
TTTTTTTTTTTTTTTTTTTTTTTTT
TTTTTTTTTTTTTTTTTTTTTTTTT
TTTTTTTTTTTTTTTTTTTTTTTTT
OOOOOOOOOOOOOOOOOOOOOOOOO
IIIIIIIIIIIIIIPPPPPPPPPPP
CCCCCCCCCCCCCCCCCCCCCCCCC
WWWWWWWWWWWWWWWWWWWWWWWWW
ZZZZZZZZZZZZZZZZZZZZZZZZZ
Case #95:
LLLLLLLLLLLLLLLLLLLLLLLLL
LLLLLLLLLLLLLLLLLLLLLLLLL
LLLLLLLLLLLLLLLLLLLLLLLLL
LLLLLLLLLLLLLLLLLLLLLLLLL
LLLLLLLLLLLLLLLLLLLLLLLLL
LLLLLLLLLLLLLLLLLLLLLLLLL
LLLLLLLLLLLLLLLLLLLLLLLLL
LLLLLLLLLLLLLLLLLLLLLLLLL
LLLLLLLLLLLLLLLLLLLLLLLLL
LLLLLLLLLLLLLLLLLLLLLLLLL
LLLLLLLLLLLLLLLLLLLLLLLLL
LLLLLLLLLLLLLLLLLLLLLLLLL
LLLLLLLLLLLLLLLLLLLLLLLLL
LLLLLLLLLLLLLLLLLLLLLLLLL
WWWWWWWWWWWWWWWWWWWWWWWWW
UUUUUUUUUUUUUUUUUUUUUUUUU
RRRRRRRQQQQQQQQQQQQQQQQQQ
YYYYYYEOOOOOOOOOOOOOOOOOO
ISSSFFFFFFFFFFFFFFFFFFFFF
MMMMMMMXXXXXXXXXXXXXXXXXX
ZZZVVVGTBBBBBBBBBBBBBBBBB
APPPPPPPPPPPPPPPPPPPPPPPP
JJJJJJJJJJJHHHHHHHHHHHHHH
CCCCCCCCCCCCKKKKKKKKKKKKK
DDDDDDNNNNNNNNNNNNNNNNNNN
Case #96:
AAAAAAAAAAACCCCCCCCCCCCCC
AAAAAAAAAAACCCCCCCCCCCCCC
AAAAAAAAAAACCCCCCCCCCCCCC
AAAAAAAAAAACCCCCCCCCCCCCC
AAAAAAAAAAACCCCCCCCCCCCCC
AAAAAAAAAAACCCCCCCCCCCCCC
AAAAAAAAAAACCCCCCCCCCCCCC
AAAAAAAAAAACCCCCCCCCCCCCC
AAAAAAAAAAACCCCCCCCCCCCCC
AAAAAAAAAAACCCCCCCCCCCCCC
AAAAAAAAAAACCCCCCCCCCCCCC
EEEEEEEEEEEEEEEEEEEEEEEEE
EEEEEEEEEEEEEEEEEEEEEEEEE
EEEEEEEEEEEEEEEEEEEEEEEEE
EEEEEEEEEEEEEEEEEEEEEEEEE
BBBBBBBBBBBBDDDDDDDDDDDDD
BBBBBBBBBBBBDDDDDDDDDDDDD
BBBBBBBBBBBBDDDDDDDDDDDDD
BBBBBBBBBBBBDDDDDDDDDDDDD
BBBBBBBBBBBBDDDDDDDDDDDDD
BBBBBBBBBBBBDDDDDDDDDDDDD
BBBBBBBBBBBBDDDDDDDDDDDDD
BBBBBBBBBBBBDDDDDDDDDDDDD
BBBBBBBBBBBBDDDDDDDDDDDDD
BBBBBBBBBBBBDDDDDDDDDDDDD
Case #97:
LLLLLLLLLLLLLLLLLLNNNNNNN
LLLLLLLLLLLLLLLLLLNNNNNNN
LLLLLLLLLLLLLLLLLLNNNNNNN
HHHEEEEEEEEEEEEEEEEEEEEEE
HHHEEEEEEEEEEEEEEEEEEEEEE
SSSSSSIIIIMMMMMMMMMFFFFFF
SSSSSSIIIIMMMMMMMMMFFFFFF
SSSSSSIIIIMMMMMMMMMFFFFFF
BBBBBBBWWWWWWWWWWWWWWWWWW
GGGGGGGGGGGGGGGGGGGGGGGGG
DDDDDDDDDDDDDDDDDDDDDDDDD
ZZZZZZZZZZZZZZZZZZZZZZZZZ
ZZZZZZZZZZZZZZZZZZZZZZZZZ
UUUUUUUUUUUUUUUUCCCCCCCCC
TTTTTTTTTTTTTTTTTTTTTTTTT
VVVVVVVVVVVVVVVVVVVVVVVVV
RRRRRRRRRRRRRRRRRRRRRRRRR
PPPPPPPPPPPPPPPPPPPPPPPPP
PPPPPPPPPPPPPPPPPPPPPPPPP
AAAAAAAAAAAAAAAAAAAAAAAAA
JJJJJJJJJJJJJJJJJJJJJJJJJ
XXXXXXXXXXXXXXXXXXXXXXXXX
OOOOOOOOOOOOOOOOOOOOOOOOO
QQQQQQQQQQQQQQQQQQQQQQQQQ
YYKKKKKKKKKKKKKKKKKKKKKKK
Case #98:
HHDC
LBEA
KKKJ
GGIF
Case #99:
EFG
ICH
DAB
Case #100:
UUUUUUUUUUUUUUUUVAAAAAAAA
UUUUUUUUUUUUUUUUVAAAAAAAA
UUUUUUUUUUUUUUUUVAAAAAAAA
UUUUUUUUUUUUUUUUVAAAAAAAA
UUUUUUUUUUUUUUUUVAAAAAAAA
UUUUUUUUUUUUUUUUVAAAAAAAA
UUUUUUUUUUUUUUUUVAAAAAAAA
UUUUUUUUUUUUUUUUVAAAAAAAA
UUUUUUUUUUUUUUUUVAAAAAAAA
UUUUUUUUUUUUUUUUVAAAAAAAA
UUUUUUUUUUUUUUUUVAAAAAAAA
UUUUUUUUUUUUUUUUVAAAAAAAA
UUUUUUUUUUUUUUUUVAAAAAAAA
UUUUUUUUUUUUUUUUVAAAAAAAA
UUUUUUUUUUUUUUUUVAAAAAAAA
UUUUUUUUUUUUUUUUVAAAAAAAA
UUUUUUUUUUUUUUUUVAAAAAAAA
UUUUUUUUUUUUUUUUVAAAAAAAA
UUUUUUUUUUUUUUUUVAAAAAAAA
XXXXXXXXXXXXXXXLBNNNNNNNN
ZZZZZZZZZZZZZZZZZZZZZZZZZ
EEEEEEEEEEEEEEEKKKKKKKKKK
DDDDDDDDDDDDDDFFCHQQOOOOO
GGGGGGGGGGGGSSSYYYJJMTTTT
IIIIIIIIIIIIIWWWWWWPRRRRR
