Case #1:
GGG
CCC
JJJ
Case #2:
CODE
CODE
JJAM
Case #3:
CA
KE
Case #4:
CBJD
GAHE
IFKK
Case #5:
GFCD
AABE
AABE
Case #6:
GGG
DDD
AAE
CBF
Case #7:
AAGD
HHCB
FFFE
Case #8:
AAAA
BBBB
CCCC
Case #9:
AAAA
BBBB
CCCC
Case #10:
AAA
AAA
DEE
BCC
Case #11:
EAC
DDB
Case #12:
ADD
BBB
CCE
Case #13:
AAAA
BEEE
CCDD
Case #14:
AAA
EFF
BBC
DDD
Case #15:
BAA
Case #16:
A
B
Case #17:
CCCC
EEEE
AABD
Case #18:
CHF
GDA
BEE
BEE
Case #19:
AABB
CCCD
EEFF
Case #20:
AA
AA
Case #21:
AAA
AAA
Case #22:
DDB
CAE
FFF
FFF
Case #23:
AA
Case #24:
ACCC
EEEE
BBDF
Case #25:
AABD
EEEE
CCCC
Case #26:
DDD
FBB
CCC
EEA
Case #27:
AABBCC
DDDEEF
Case #28:
DDD
FBB
ECC
AAA
Case #29:
AABBCCDDEEFF
Case #30:
EBA
CDD
CDD
CDD
Case #31:
AA
BB
CC
DD
EE
FF
Case #32:
ACB
Case #33:
ABD
EFC
Case #34:
A
Case #35:
BB
AA
Case #36:
EEEA
DDDD
CCBB
Case #37:
DDJK
ECBI
FAGH
Case #38:
DCCC
BEAA
FFFF
Case #39:
DDD
BBE
FFF
AAC
Case #40:
BBCC
AAAA
EEED
Case #41:
BCFD
AEHH
GGGG
Case #42:
BHGE
AACF
DDDD
Case #43:
ECF
ECF
BBB
ADD
Case #44:
ACFF
GEBH
DDDD
Case #45:
FFF
CAE
IGH
JDB
Case #46:
ABCD
ABCD
ABCD
Case #47:
DDK
FBA
GIH
CJE
Case #48:
BBBB
AAAA
Case #49:
CBEE
AAAA
DDDD
Case #50:
AAAA
BBBB
CCCC
Case #51:
ABC
DDD
EEE
Case #52:
AAA
GGC
FFB
EHD
Case #53:
AAC
FDE
FDE
BBB
Case #54:
DBE
GIC
AFH
AFH
Case #55:
BA
CC
Case #56:
ABCD
ABCD
ABCD
Case #57:
AAB
CCD
Case #58:
CCJJ
CCJJ
CCJJ
Case #59:
BBBD
EEFA
CCCC
Case #60:
JFG
HLD
IEB
CAK
Case #61:
CCCE
BBBB
DAAA
Case #62:
CCC
EEE
BBD
FFA
Case #63:
DDDA
BBBB
CCEE
Case #64:
DDDD
CCCE
AAAB
Case #65:
BA
Case #66:
AAB
CCC
DDD
EEF
Case #67:
BBC
AAA
Case #68:
FII
GEE
ACH
DJB
Case #69:
EEE
CCD
FFB
AAA
Case #70:
AAAA
BBBB
CCCC
Case #71:
DDDD
ECCB
AAAA
Case #72:
FDA
BBB
BBB
ECC
Case #73:
CCCC
FEEE
BDAA
Case #74:
AA
AA
AA
BB
Case #75:
EECA
EECA
DDDB
Case #76:
EEFF
GGDI
AHCB
Case #77:
CDI
EHF
BAG
BAG
Case #78:
FFAC
KBGJ
IDHE
Case #79:
CDEB
HGFJ
AIII
Case #80:
BAA
BAA
Case #81:
DB
CA
Case #82:
FFF
AAC
DDE
BBB
Case #83:
EDD
EDD
BBA
FFC
Case #84:
ABCD
ABCD
ABCD
Case #85:
DBEE
CCCC
AAAA
Case #86:
CCC
CCC
FGE
ABD
Case #87:
BBD
BBD
CFF
EAA
Case #88:
BBBE
AACC
DDDD
Case #89:
A
A
B
B
C
C
D
D
E
E
F
F
Case #90:
FFFF
HHCD
EBGA
Case #91:
AABB
EEDD
CCCC
Case #92:
DDD
FFF
EEB
ACC
Case #93:
DDD
CCC
EEA
BFG
Case #94:
BBB
GDI
AEF
HJC
Case #95:
AAA
Case #96:
A
A
Case #97:
CKF
LEA
BHI
DJG
Case #98:
DD
DD
BA
CE
CE
CE
Case #99:
AAB
CCC
DDE
FFF
Case #100:
BBAE
CCCC
DDDD
